000c1a9f9e065012ccde58c35bbf25f1-->4,2,,,,3
000f967024c08e4260fe4ecaccd5cd9c-->4,1,,,,4
0016906ff63e125095c4a7e1c2a3ad46-->1,1,,,,1
001964412f9fc105728db190cc334203-->2,1,,,,2
0019fbc6a4aadc3818d8f3a2edb7210c-->2,1,,,,2
001a5e1c25c201bcb3735d239e9da2a0-->6,4,,1,,2
001a5f42beac1827cee16ac16b7d8b04-->7,4,,,,3
001af4a4daf4ee3f17253015fc369d17-->2,1,,,,2
001b595753ad1fba9eff9fb72ee764ad-->5,4,,1,,3
00250bff1aeba28fa9a52c0f33501fe2-->2,1,,,,2
00256747c74f694b621c7cbc327e0934-->2,1,,,,2
0029ed5c14d66874eae4f7b6f8f8701d-->4,2,,,,2
002ab90c19830f0386c5798449ec6aa5-->5,2,,,,4
002ae6eb2e944a66ee5c9ae3c7ef5b0a-->5,1,,,,5
002c200d2af60ecdd14769ac93910db5-->3,1,,,,3
00334ea20b2e1a5dbd083cda08d295fc-->5,4,,,,2
003534c699e2a7541f452356783fe2f5-->2,1,,,,2
003b417ff71586b4e997d29011788c04-->2,1,,,,2
003e011b35c3ab893eb72379ca000728-->2,1,,,,2
0046983ebeb9dd7673b3159d10795459-->2,1,,,,2
0046ecc244ec1dc23213849dd9c89804-->2,1,,,,2
00484ad8b39bef4f8cb62527b632f027-->10,4,,,,9
004b054438cbc39694bd8d35f763ad6a-->4,2,,,,2
005059bdb03bd9d1dbc68c9b0e5870e5-->3,2,,,,2
0050a88908b1ece304d3a2cb57b7397e-->4,3,,,,2
0054b755e38850e99f3772cd9491c91f-->7,3,,,,2
005c3e04a71ed28381858dbab1d48299-->1,1,,,,1
0063aeb7575c59ed946ab086d7a4aa9d-->10,5,,,,3
0063c5faa5d80374a8dcf66651dad7cb-->3,1,,,,3
0065a03ee635725e01472519f1a7c91f-->2,1,,,,2
0075b5929fdfdbd72c6c1dc856e4eb80-->1,1,,,,1
0079ed858b3280dc047698a574df7d52-->3,3,,,,1
007ace19a502eeb25330825c197bb85d-->2,1,,,,2
007bd2594f40820cfab399f54e58c9ae-->2,1,,,,2
008070087f31b284145c540c2bac260f-->3,2,,,,2
00860ae24d6241632097b7444454ea6d-->2,1,,,,2
0086b31ffe11a7b688fe47b75028bdaf-->2,1,,,,2
009451302824b9e78aebc4a960c19b1f-->3,2,,,,3
00952415f710f6a5bc562e3609d745b8-->2,1,,,,2
0097a799eabcfbfb737d2fb1f8a17505-->13,5,,,,7
0098fd87fae7bee1838c44341161ad11-->2,1,,,,2
009d9feb2efe5743cf1129c7b554e589-->3,2,,,,2
009e10d7ee475f84045cd483dcc7a4c4-->5,2,,,,4
00a9d74f6b7bb9510c1f5becf7991305-->6,3,,,,2
00ad7b91ac6156bd01b62f68d2af3f6d-->2,1,,,,2
00b194a2df2fd61e16e4a4167c24503f-->3,1,,,,3
00b6f4ad31ab6ee46545cb58e2eb00ad-->2,1,,,,2
00bb686c852bacd0607fb3b322def8f8-->2,2,,,,1
00be42ac3cab9b10f8f7fad18e84b93f-->2,1,,,,2
00c6e0a2f4403a36dac41394a0953bfb-->2,1,,,,2
00c8a01fb91345858685f37b3cdf3b00-->3,2,,,,3
00cdcd6e07836c2950296d0a7ee6d944-->2,1,,,,2
00cfb67f857d53208484299c76668468-->3,2,,,,2
00d1ea53489337e1212eeea5f7da3401-->2,1,,,,2
00d2dd489d0d52be8d32be67899410ac-->2,1,,,,2
-->,,,,,
00d3a2e2df546d566c39e853138e23c7-->2,1,,,,2
00df853eff8a84e84b18c411e62660ff-->5,2,,,,4
00e79f9aaee163dfb757db8672234ea2-->7,2,,,,6
00e8bc2719d35630ca599cdd0abda0d9-->2,1,,,,2
00e8f3be638760fc9a4324ad59f299fc-->2,1,,,,2
00e922ad6e1e340079ffdc37b8322fe1-->4,2,,,,3
00edcbde45dd4d09e0af0904044306d1-->2,1,,,,2
00f0058f2b386df1d212fd74070701d8-->3,2,,,,3
00f173d78bfc1e3c137a33843ad967ce-->3,2,,,,2
00f23e97a151b5958165d46ec3d738fd-->1,1,,,,1
00f50a36d15f6da969c76ec51ce05b2d-->2,1,,,,2
00f80cd64d7f03ad905273ae14e6fac5-->5,2,,,,3
00fcccaa56dd4b5a1903a85858631036-->4,2,,,,3
00fe4659e52cceb3b4479a6b6e1ae533-->3,2,,,,2
00fe58c56b00420b662be86cd44dc860-->2,1,,,,2
010739611fe188e64df69a2e70c8ee84-->8,3,,,,4
011121d60a4af823199b7a0c806c9e80-->5,3,,,,3
01153cc66aa1cc982e9e9214b83e32ff-->2,1,,,,2
011838a2490943bb49081a4eb29cb1ad-->2,1,,,,2
011ac7bf999153ad580c1cf3f662ff33-->2,1,,,,2
011d253788e8cbcbfe144b16f17439e2-->2,1,,,,2
011f4e6b676a5b74d574370170af553e-->13,4,,,,7
012f898ff41193054a2d7fcc616015ea-->4,3,,,,2
0133ea97d64bb7b020b13cc75ed33d71-->6,4,,,,3
01387d2bb6599df6f6a753e55dd81e0b-->4,3,,1,,2
013e10aaf22758b48146a469be77ffbe-->2,1,,,,2
013f939bae0a9ab8a1d8b7366f874e8e-->3,1,,,,3
014335367f978c851ea465d619fc6bef-->2,1,,,,2
014392841ebe53b7adb7074cba9f9f8d-->5,3,,,,3
015215bf88debddcb6f617757675f3b5-->7,2,,,,6
0156831c47fb8df58f357952d33e19ef-->2,1,,,,2
0156cbb6a21663513ff252808b039067-->5,3,,,,2
015aa07513857dc1339c8c1ebb136147-->5,2,,,,4
015aa629ecaa0b5cdafd46c0189ff63d-->2,1,,,,2
015bfe92d44a775c817755984b2b46a6-->4,3,,,,2
0166e373f642b185ef11f00f81d65348-->1,1,,,,1
01699b975d158f4b681ea19a98901caf-->2,1,,,,2
016ae16926fbc221dc8b046321bb828d-->1,1,,,,1
016b8399fa934e47ae8162e0ca392bd9-->3,1,,,,3
016d1fd369094d15832640266a38f537-->2,1,,,,2
0171cf0002872f2caae1a3f0c31803bb-->3,2,,,,2
01789131924639940d061f61a5004ad9-->1,1,,,,1
018025c0d4cf22a1f19ac14126a1ae2e-->14,6,,,,3
0180729d17d6814544c88c0e2a49fb8c-->2,1,,,,2
018b0279685b36c294619abefd9c9e72-->2,1,,,,2
018cb875b8b9ad2db3b2991cde84fd0d-->2,1,,,,2
018e4552bf997476e4814d978a2cdeac-->4,2,,,,4
018e8459c59f92f06e3a3638909624e3-->2,1,,,,2
0193a27b631d41ef71f105d0677138c2-->5,1,,,,5
0193bf16b35ace924318ae8c94a4917e-->5,2,,,,4
019ba8a0ccee2f87265fa8a6cfd268a0-->1,1,,,,1
019e7c3eee257393371e3b9cd1aa4c9b-->2,1,,,,2
01a7200daaf398f885c85f38023f445f-->2,1,,,,2
01a78eddb9160c5fb9c7aa8769d076ae-->2,1,,,,2
01a8da0d919783cf1905ab7c3c852374-->8,4,,,,4
-->,,,,,
01aba053b02037c63a5d80629bb5db1e-->3,2,,,,2
01ad83999e6b0790253132f1686ac0d9-->9,6,,,,3
01adbcb33b9579e1e9431dc07fbabfc2-->3,2,,,,2
01b29b6212269bc10bff9a399ebe13da-->2,1,,,,2
01b39f0f0d1379c54c401f417109585d-->5,3,,,,3
01b7f9cfe61e50d95c42312af870d0b3-->2,1,,,,2
01bb66c11b135da4066077427c5ecc0c-->3,2,,,,2
01bc742d5ff6c39e42607f6332137760-->7,2,,,,5
01c07f5c1ec785408f823b507719dbfa-->1,1,,,,1
01c9eca08baebace1e049d093c285144-->4,3,,,,2
01cd5bc87f3e8a16f348ab562e60e8f0-->3,2,,,,2
01d8331d2714b318f82b2d85897cd52d-->2,1,,,,2
01d8b8578b3a9fef495b76a1506f24d6-->3,1,,,,3
01dca4d7d4d61530a727a3e6592220fe-->2,1,,,,2
01dfc181574d8d20c518eb48417e5783-->10,3,,,,6
01e0ab7c286edce91029a62f994c2d71-->2,1,,,,2
01e31874806cf37973762641faeee57d-->2,1,,,,2
01e6a1a112aea9a6fc903ddaba334172-->2,1,,,,2
01e6ee6195fa2397be4a1ada02a850c9-->2,1,,,,2
01ea0e556abf886929b664ad815ce4c9-->7,3,,,,6
01f6101730e06df966ae8de5b1a9a000-->3,2,,,,2
01f97a2916b47d21d5aae0a65a8fb0a1-->2,1,,,,2
01f9f270c519cacc7802b50ac0b03f56-->2,1,,,,2
0202d224192c06937276c6365e1f02dc-->6,2,,,,4
02030c528a8faead0e8ceda3a65807cf-->3,2,,,,2
0203a9c4ec9d144a8625fbef9af3643f-->4,3,,,,2
020566324fee82f1f10f6166d149dbbe-->9,5,,,,5
020feba8d9f8128922c096c73e8476af-->2,1,,,,2
0213684a54764f93acf2ee7a75887b7f-->2,1,,,,2
0228d11a65496067cc54e34809c7fcec-->7,3,,,,4
0230208d1fd63cd299d467fd4c8411ff-->3,1,,,,3
023109be4e6bcb6595176766f7c08e0c-->4,3,,,,2
0232817ac15d3bd1f82f8030e3542f50-->4,3,,,,2
0232c93beabbf516cbfe70cb9115dafc-->2,1,,,,2
0238f4dbdb536bb2486c9b52064864d8-->7,3,,,,6
023b2c127fdf2df948291b8e745009ee-->2,1,,,,2
023b4de8b4cf6250570c13468f0b2dd1-->7,3,,,,3
023e687836db7ea1078e86fed9a91fb3-->4,2,,,,3
024096b66b0ed690802c477a1ae00663-->3,2,,,,2
0240ff96db7bc75c8be418b4279e4ae8-->2,1,,,,2
0246e42fe1e07a1eaef97c50be9eeb51-->2,1,,,,2
0249239855043555f90e946794f7b499-->2,1,,,,2
024c6f29d87c1c9d4d22ddc135b05460-->4,1,,,,4
0252f7b0d99f474334a61dc214bfc96d-->1,1,,,,1
0257273174628f4240fcb4269ed1c18b-->2,1,,,,2
02598691c473a8b41d8b66c987503a14-->1,1,,,,1
025a2e9294147a1dca7f5d25ae95eebe-->2,1,,,,2
025bc2806c5f25f9050aaaf63b7bc7a9-->4,3,,,,2
0269f96a127987fbb25e60ad0267a83e-->6,4,,,,3
02749ecb67edaf3e1dced1e355129101-->4,2,,,,2
027d1f931f94c3531267300b99f78b58-->2,1,,,,2
027e3a4a9e1c5d36bb524d37a2fc0fb5-->2,1,,,,2
027f81a735b92b08e2d728701529be99-->3,1,,,,3
028232b3b21ea7af77881230ec5b81ba-->2,1,,,,2
0288913273d24b09c4519e3820b48573-->4,3,,1,,2
-->,,,,,
029b9314010de94cf91d2164d546fb57-->3,2,,,,2
02a525acab9483efdf0b495c55f6b0e0-->7,4,,,,2
02a8bef999a01dba5cee6cb47397f504-->2,1,,,,2
02a93aea2de0493d982ae4766297e570-->1,1,,,,1
02b129ee7347ba00779d5489b387fe2f-->4,2,,,,3
02be06d003bf34928ead3db26ad5fb53-->2,1,,,,2
02c09c75a42b4898578d14c5c76d4168-->1,1,,,,1
02c6350ec4efa55c764ea5fa4fdaa609-->2,1,,,,2
02cce77f3c4de89f0c0cc84881199c3c-->2,1,,,,2
02cfdfa3ae7f60568d907ae309f239dc-->2,1,,,,2
02d4d9ed65237cb380620bbdeecaa4d5-->4,3,,,,2
02d997a0c09ab385e22b62c0ff60e3a4-->2,1,,,,2
02df70abf0b2682300a6fd3a647f209b-->2,1,,,,2
02ec0d4ead2e7e847e4fdcd50190cd59-->3,1,,,,3
03099cd66664921e68de9531b3980482-->2,1,,,,2
030a3cae1ee2ed7c66efe5d1ba5fb8af-->2,1,,,,2
030a94fdbdc1090994de05b594e534ea-->2,1,,,,2
030ef2a4d603a294f0b148147ba35d44-->1,1,,,,1
0310055d2fa6f14d966da9adeeb912a5-->2,1,,,,2
03147999c57ee3edc25a84281f807143-->2,1,,,,2
031b3cfc21fb168669d4ec9ac66d1d5f-->1,1,,,,1
031f941a15e34ee40c52be727fabd929-->1,1,,,,1
0323cd825ce476d14914e9619521ee28-->12,3,,,,11
03250972f5443f09b61b49eaa1cc954a-->4,2,,,,3
03275361abcda8199f04fa9be03fc8ab-->2,1,,,,2
032b941ec71ff1b31a230b6182a4f2e1-->2,1,,,,2
032e7a7c7dabe1d28cff3523a56df035-->4,2,,,,3
032f589fc3a7a06577b217793158655a-->7,1,,,,7
03325c5d8433f0178740edf22ba6a970-->5,4,,,,2
0333019509222be821141128f0d1a92d-->6,2,,,,5
0333a9cf7eb9fda7dcd00b0355e0d5c5-->5,4,,,,2
03365ebd35c7c2aaab878e2276f884af-->4,3,,,,2
033c8e97f0ad28a1fd77660477211018-->2,1,,,,2
0341cedd4beac86475dfe9a7d0b2829a-->2,1,,,,2
0344fa777c5814744506e6a65c691c20-->3,1,,,,3
0345c2ab8ad8f1588713a93f54d6a057-->3,2,,,,2
034e884b6763b985bf652b870083a40a-->2,1,,,,2
03542ce3ed7ef738e3943aa189232294-->1,1,,,,1
035670ceda75fc1f8df62a6ac16bf633-->3,2,,,,2
03584acdf53b86b9d07d0f42fa5285df-->2,1,,,,2
0361f04172c847b781061fa48ffc60a6-->5,3,,,,3
03685743fb6a14bf55d53f139aec1a37-->4,2,,,,3
036b9ee287bbc2aa83c8446c8d1298e1-->4,3,,,,2
037333b18117d258ca86ae82aaecf914-->2,1,,,,2
037a45c0d91ae9fc9e9cb5064f9ad0b5-->2,1,,,,2
037c2f8faace07107354268edc649fff-->2,1,,,,2
038afe560a7f39f6f05c3a27992c7e95-->5,3,,,,2
038b35772f18b580ed777a8fa77fa43f-->4,2,,,,2
038f2966b927842eb4dfb2f5fe73516f-->2,1,,,,2
038f48ee07e323d5a92ac56b5947aae4-->4,2,,,,3
038f64b8435633e81a03612b2cf9a770-->7,2,,,,6
0391193ef9bb4da850e57fd5824bb949-->9,2,,,,8
0396e2f79ae08cf11b18b4a1bd72b9cc-->3,2,,,,2
039722822c1859a9b93257f0f00201fa-->2,1,,,,2
039cd9ce360f6750df14a5ae67cc0e3f-->5,4,,,,2
-->,,,,,
03a1105bd7d24413b700496edcc3a683-->9,4,,,,5
03adab079ba37df10eaa840c0eb65f81-->2,1,,,,2
03b4a7585decb4a9435e683a817b4b07-->9,4,,,,5
03c0791f0b0b280b06144c50aab6b8dc-->4,3,,,,2
03c2dce09a026292e4d2b24c40c33d38-->4,1,,,,4
03c7091772f32f1381a0a9afe4075ea3-->2,1,,,,2
03c951158eae1a251c5dcc32e0bd93cc-->2,1,,,,2
03c996c1dccefd6bfe0ec564d85e7843-->3,1,,,,3
03caf0188e868b9d50368da7446eb97c-->2,1,,,,2
03cca1bba294128b27b6b17055b9c184-->2,1,,,,2
03d0f5743e466960c27f053996621231-->2,1,,,,2
03d2351a52b3a0fa9e351e3441fbf0ca-->3,1,,,,3
03d95c5b67ff8afa1dcb42cbf35dbdc1-->4,3,,,,2
03e2f52a36902247e9bac1ba9249280e-->6,2,,,,6
03eef3a359917cdffeec2e62272c8a59-->8,1,,,,8
03f587797ed1e602ce39c8548b058bbb-->2,1,,,,2
03fb0b69479b23c1c8aad577eb745765-->2,1,,,,2
03fc2a49b6f2dfc2c102aead7cc28e43-->2,1,,,,2
0400212d0b0f3f8845a394d59fa99078-->3,1,,,,3
0402429ae61d9dd46ee4b7c032953a96-->2,1,,,,2
0403352168a7f4d308133fd85d74b07e-->3,1,,,,3
040a51a44f177e2afca7eead11274950-->1,1,,,,1
040cd6cdef41dd397858ce5ab82c5c2a-->3,2,,,,2
0413ad5c1f8bfca2d24c188c220c7eed-->2,1,,,,2
041925816d4c3d0c2e1008b7440fc74f-->6,3,,,,4
0426eef9f8167d80708c07bfe8ee004f-->3,2,,,,2
042a07e226281900a1411137ab9554da-->3,1,,,,3
042f27f0b37d747a82b10def1adaaf46-->4,3,,,,2
04310cba546a872a4127b4a0aaf34778-->1,1,,,,1
0431dd01cbe7f2216a240490c852bcf3-->2,1,,,,2
043317e0387065dfe1bed62e5e3f32a8-->4,3,,,,2
043f29e588b4e53bd395773c58ceb310-->5,2,,,,4
044307429d373517e4754d4d466515c5-->2,1,,,,2
0448de7d329cd71155296957f57d802a-->2,1,,,,2
044a8de2df7eede40a5ffbccb81d6cd6-->2,1,,,,2
044ac412dcd2768565d214681bb5e16b-->3,2,,,,2
04550cab1dc87513dd5731fd57a4a5f5-->1,1,,,,1
045cb9858ebacdbe719c3a9a3adcb309-->5,3,,,,2
04680f94a0cc1e101060c920b9264784-->3,1,,,,3
0468c0625a2d63b4bb16bdd68a1c19a4-->2,1,,,,2
046a8393f5393a5267da03c220e18bef-->4,2,,,,3
046ce8ad6d5657febb64b7a9e1963e17-->10,2,,,,4
046cfb754b93d12160a79004faa74e40-->5,2,,,,4
046d246888fce80c581a3bc438c08841-->2,1,,,,2
046f5e6476f023625cd8f8f05f2434d7-->2,1,,,,2
04764b3e81fa4c8022810dc9bd8283e9-->3,2,,,,2
04766fc7e78f363621368f0697f4c1c3-->2,1,,,,2
0477639ec248fab9960506dc1fc0f67c-->1,1,,,,1
0477998e95fe8b4d0b4552bf9b51f9f8-->2,1,,,,2
0478c49baccbd41eda0cd7ec6e6a508b-->3,2,,,,2
047ca27e2c41b4f520a7ac85352d27a0-->3,2,,,,2
047d18b663439cec29b5c80abdff7542-->4,3,,1,,2
0486d77a9c55ffbbcca775054abf1a26-->6,2,,,,5
048f39be617900baa40f0bb2717db3f8-->4,2,,,,2
04911337ad7282a85930f737eafa6514-->5,2,,,,4
-->,,,,,
049239ce10d821a8d20a905782d25fbf-->3,2,,,,2
04971c1642256635ee238c1a0e0a68e6-->4,1,,,,4
049f7e53804e78801e1646d8bc36489c-->2,1,,,,2
04a03303f5d536e067b9af6dd2848589-->4,3,,,,2
04a04c385aa6f11a6f3342e9df7a1523-->4,3,,,,2
04a17d41b1cf3878d8f63f0b1f944169-->5,3,,,,4
04a395920e30bfc800b231b1122c911c-->4,1,,,,4
04a92d9810e691b74d7f51e383b7dc6a-->2,1,,,,2
04a98eca83d2254f5817ca8640c18aa8-->4,3,,,,2
04a9f33eb015d0c40ed2e037d314f305-->3,2,,,,2
04ad1a84b44f82b3bc5a0bdc3ab75115-->2,1,,,,2
04b43e267d475c103d606c72c8cdbeac-->2,1,,,,2
04b7f8c2fb511d588f7b4f32b413ff6e-->2,1,,,,2
04bba71be590bc3751522ce5f2e20486-->31,1,,,,31
04be262e819da16867fc9fd13ebec23e-->6,1,,,,6
04bf09120586deaa86f8db511beb76f8-->2,1,,,,2
04c1d959b21c9bff26d63a4afeff8da0-->3,2,,,,2
04c433da35b515da5566554ae7a097a0-->4,1,,,,4
04c6b118bba4a64094bb9608698997e4-->3,2,,,,2
04c9a82e38bffa4c5a3f12bfe87a0cdc-->4,2,,,,3
04cc6e9825c30d34950d7a0202bcc1d3-->5,4,,,,2
04d1fc7ff22626603137bc66e8aedae6-->4,2,,,,3
04d261a6a91ff469c27a2fe33abd1a7f-->4,3,,,,2
04d2a484dbed1f56c4ffc258b026dcf4-->6,4,,,,3
04d6d625ae738391d613d47104c7dbd6-->12,3,,,,4
04d8ecfa5f2c3e448c5597372c1f0347-->6,4,,,,4
04d93942e44156160611900b7d6f5863-->3,2,,,,2
04e099063d9c26b1664f6e8e9c8bb34e-->2,1,,,,2
04e8041c73bde8b0662cc590c2549da2-->2,1,,,,2
04ed4e14696cc923d808236aa4c0bd77-->6,4,,,,2
04ee6fa8f375588e8ec0478bb301cac1-->6,3,,,,3
04f97576d9d00561cb8b718305ea4e0a-->2,1,,,,2
04f9f9c837d7638bf452105876d8e67d-->2,1,,,,2
04fa4e10f02e86967ec2649069b07d9e-->2,1,,,,2
05038ca93b46d4828de6d866c223d434-->2,1,,,,2
05053b2180ec140a99d76e6c8bc30ad7-->4,3,,,,2
050967b412181f745c06362d508f46d5-->3,1,,,,3
050d3fc61d9df6a4e33b7db5e7d73f01-->4,3,,,,2
050f62f3d7830ac2b082bab281ae2802-->2,1,,,,2
051455244ea243bbb331d50d177d5524-->2,1,,,,2
0514cd5bd2d0f4cc2ca22df23c2ce8ba-->4,2,,,,2
05159263f1fb2f5a2193e9cee4f2d407-->5,3,,,,3
05163db671aef2a018206efa2b752826-->2,1,,,,2
05195479e328e1c6d6d55f1dbc8c0c84-->10,2,,,,8
0525095c96d585020b0ab836719be6c9-->4,2,,,,3
052a8d39ec10fa871e6b3c07d924e3fd-->8,3,,,,5
053197b7c768e0a26447859a56eca6d7-->4,3,,,,2
05363c9bbdbf0564a220fae58580385e-->2,1,,,,2
0537ece87f897179d3011272612a5633-->1,1,,,,1
0548421bac9da3b3d583200caef72306-->7,2,,,,5
0549590fa5a594b4b6281d2d812093db-->7,2,,,,6
055095417406dce81b4536b69ddd083a-->6,4,,,,3
05571d3f1fb2cd7fe0999599ca6a5a9a-->2,1,,,,2
055ad9986144e1e5f5a82161d3335124-->3,2,,,,2
055d26e604e3d851d3293340916ac2cc-->2,1,,,,2
-->,,,,,
055f2ab53d84204333b8745a01eb378f-->2,1,,,,2
055fa94ad95604b5e8c5cbfecbb08ce4-->1,1,,,,1
05619448bd5788daf3887f332400a45c-->3,1,,,,3
0562149a10a7ed06383c8381421bf58a-->2,1,,,,2
05659e1e3ed1b695a863d8c4a4120cef-->8,5,,,,5
0567ebd090b5b1bd8a91ffd32e30edd6-->2,1,,,,2
056cbb05ad0a73e2c63db24687b191f9-->2,1,,,,2
05745c8b6b6c87edab582a5e1239e1c3-->5,3,,,,2
0576c41a3bda91d331ee3b28e6c56671-->3,1,,,,3
05813014502a475ce03678c3600f6a0e-->10,6,,,,6
058177e90667b68b6e573b81a40e974f-->6,5,,,,3
0584d39e97effb07e8ab0e7ac7dc5b3b-->9,4,,,,2
058561a404357ea0ac184f99253fa110-->3,1,,,,3
05883cab08dc0c648075cbb41496e334-->1,1,,,,1
0589509b51911d4c1fbb4a427824a407-->4,2,,,,3
059cb11a824618182e3b1dfa79a6617f-->7,4,,,,2
05a18493a69807ad4d9fca395cfe15b5-->1,1,,,,1
05abbd869e84529201b2ca461b963692-->5,3,,,,3
05ad37b7b811ca92d80d7919ec96d961-->6,3,,,,4
05ad54ac9bf763a92e5c970487caf638-->4,3,,,,2
05b33a42b8d8c1b69a7240b3d338b5f7-->9,2,,,,7
05c0630024d177e4d5551f849042b716-->1,1,,,,1
05c6cca33cacd9363c8595d2388cdbfb-->10,6,,,,2
05c95687c686739527753727c0765d12-->11,5,,,,5
05ce734fbf6a83b19b614afb4875f6c8-->8,4,,,,4
05d36153f4d1cd2dd236d5862d653c02-->2,1,,,,2
05d514df6c7056a0e119f83181b850d8-->12,6,,,,5
05d598fd1a138129db54a268c5dff243-->9,4,,,,5
05e15ff471cd87dd38e577b612ee423c-->2,1,,,,2
05e40c21c038540e6f8baa2ce1202191-->2,1,,,,2
05ec0fb567130e8e3a1d723d13c5a6c7-->2,1,,,,2
05f14dc109752a13d651547fd4722bdf-->1,1,,,,1
05f15a408582bc299a371ba2b18caeb2-->2,1,,,,2
05f39a9e52daf08b332b7018079206c1-->4,2,,,,3
05f89cd5e0ae2a850becdb3e13b16ac4-->6,4,,,,2
0603a1af7d569c2af8116bc323447101-->4,2,,,,3
0606a333a9feb12fdc85fadce2e71624-->4,1,,,,4
06135cbf5bce0e5577a2b583223bfd1a-->6,4,,,,3
061571e2ba816f7058db0270e0ac5ddc-->6,2,,,,3
061d4abe604311c115b6cf5e08cfca0b-->4,2,,,,3
06236fcfd1a07a526227f02e8f7fcbe4-->2,1,,,,2
062681148662d886a925d653aa17617a-->4,3,,,,2
06271668ff1649301f237018c0bfdacc-->2,1,,,,2
062cc7e6c240d2ecc5570395efe92f39-->3,1,,,,3
06311b12ecff537057e2771b742e696c-->2,1,,,,2
0640cfd887f292ed18d8f4d7eb0effb3-->8,3,,,,4
0643253a9eaeb16c9cc831af76d50eff-->2,1,,,,2
0645c3819a1bc8632c8faa3562e3aa33-->2,1,,,,2
0648eac2d68b32ea0b8a09753178b528-->5,3,,,,2
065865f944ad8f23b4a9dadce544b5ba-->7,4,,,,4
065c5b5471d835d0bbd8255303ef1df3-->4,3,,,,2
0667286eb2145c5acfea8ae0d9ed5195-->2,1,,,,2
06712896273348fce985a0e455bbc724-->2,1,,,,2
06743accd0585a16fcaab5ccfb2db5c9-->4,2,,,,3
06753f7742e5b0263d1eecd65ce7b363-->5,4,,,,2
-->,,,,,
067b4308e984689ebab80f8313fb1b9a-->3,1,,,,3
067f9d89b59f919da29f70ac9def1a4d-->4,1,,,,4
06812ed56c5415301b17173f41e22910-->2,1,,,,2
0681b8b6d0896babe996f8395d1f3738-->2,1,,,,2
06870761c5184b74a81e44137414eb4b-->1,1,,,,1
068b51677d2641a677386b67e9a19912-->7,4,,,,4
068b5e7117be995275681505eb15c6ce-->2,1,,,,2
06927da9c7a827014c4694a56757a475-->2,1,,,,2
069d99644bbc09e9f6858ae3f109e3a8-->7,3,,,,4
06a4462b351807c0f89df5161750565e-->3,1,,,,3
06a76acec981b157e71c3103dd070795-->2,1,,,,2
06abeeb7b3cd416ee538b6e24d2f96be-->13,1,,,,13
06ac6c44e7f5fb82f99e55a30887696e-->2,1,,,,2
06b1f9a1e05ecad214f2eb1c84d17050-->8,3,,,,5
06b38df4438197bfd6aaa435a9338db5-->1,1,,,,1
06b4e4524b143949fdec6f667b1daddb-->1,1,,,,1
06b4ee0a5aaa6750382c34717bd47392-->3,1,,,,3
06ba15b7aaae4efcf21711909f0b613e-->3,1,,,,3
06be4cfb38cb66e1f69a519133ec7d3c-->5,2,,,,4
06c7aede619ac66ecaca575f5d28e8bf-->2,1,,,,2
06ce0249ebf1e2875a931970021890be-->2,1,,,,2
06cfcd62a1280b298139106460bc6618-->3,2,,,,2
06d34d44cfc4fef128f6b1d9bb46f714-->7,4,,,,2
06d75974d5129978005220186f7be2ee-->5,2,,,,2
06d89259449db5ed2ade9e2e95803f8f-->6,3,,,,3
06d915a7f98d95e91e17938cb8d2519a-->9,5,,1,,4
06db2663f1b816cd955621c242843e73-->2,1,,,,2
06e22728abe7162a769dcb3b66959025-->2,1,,,,2
06eff7c6a5a67fccd093912fa79b23a5-->2,1,,,,2
06f3a215491a5d7a03dcf005ff37c4a5-->2,1,,,,2
06fbf1f14a808fab3c779849938be01c-->2,1,,,,2
07068eec28f02946652975a6fa9fc287-->18,2,,,,9
07120b1eea9a2cce19af929526a56578-->4,3,,,,2
0715815142452729140c43515f4f5714-->2,1,,,,2
07176c47677cb0be686cc123999f2c5b-->2,1,,,,2
071b15fdedfa5a32a8aebb8343857255-->2,1,,,,2
072524880af6bee257281908b4b52624-->2,1,,,,2
0729036c0d285db0df95a8eae8ab9d0c-->2,1,,,,2
072bce85b531390b22bb13f68345b9b8-->1,1,,,,1
072e23c51c34df8ca5a76347758dde1a-->2,1,,,,2
0731c67cd887d33e09ec1147a464574d-->2,1,,,,2
073b9875b7a13a0a0b512f1e38b2fabf-->2,1,,,,2
0740e8982f4a1918786bc4984809a247-->2,1,,,,2
07474be8e83f41e293911923e2575987-->2,1,,,,2
0754a97075d9aab27cf9abceb0e1010d-->9,2,,,,8
075cf3c6ebaf86397789ca0e75691304-->2,1,,,,2
0763e30a832232263f8851f7e654e274-->2,1,,,,2
076a1aebe18e86a02bc394e39558b159-->11,3,,,,8
076d8021b7c336763d0d15884060a224-->2,1,,,,2
077810a609cc5da4fdbcd6163789b9a1-->2,1,,,,2
077c4ecd3d698830746cee984d8fce1a-->6,4,,,,3
077d12eb891a76dd1a937fa545a2f7ee-->3,2,,,,2
077ece74c37bb3552a73532599f0d0b3-->4,2,,,,3
077f018e59b5e775e204c97480e3a015-->8,4,,,,5
0782d314058293539190793eb1519249-->1,1,,,,1
-->,,,,,
0790787facf899efd6fc67226411f18b-->4,2,,,,2
0798c113139a71304a7c4ef0d180dce2-->8,3,,1,,6
0799723cc5ea01b715c5d2d952f003f2-->7,4,,,,2
079b80893e959e90fcba66e40e030635-->4,2,,,,2
07a08f3d1d3a3d5cec2d676953a1f0b1-->4,2,,,,2
07a5e34994b666b1d44fa1b341979bb1-->3,2,,,,2
07ab825d623845966a8603e84ee8a453-->3,1,,,,3
07b0c0155447605c6dbf69166e589b66-->3,2,,,,2
07b4f5b71bad20ea2c8c11defe12a69d-->2,1,,,,2
07b65355c3ffe621cb0a3d67709cb722-->6,3,,,,2
07b7f4738eb8e5c2a988f02663c93608-->8,3,,,,5
07bb9f1331f483953fba8ba31536e4e2-->2,1,,,,2
07bdf92d723fc1e1a382617778e507f6-->5,2,,,,4
07be0aa7db7df9c0c037ad0ac3388232-->3,1,,,,3
07c2a17666dc7f97d567aab6512d6bd0-->2,1,,,,2
07ca1cb19bbaf81ae027f04542bf2c28-->3,2,,,,2
07da47e2ef2d7d22ea63cf7f889e6b7e-->3,2,,,,2
07da541a5873b3347ba3a0759f2df2f1-->3,2,,,,2
07dd228939edc70f4fc118701105c884-->2,1,,,,2
07dd468e0b4e15398f70f296a0496245-->2,1,,,,2
07ddfc6b76774c7ef51121cd401b806f-->3,1,,,,3
07e24d6423743616f7de4c3b1d4e3882-->2,1,,,,2
07e5ce6d2977d5c2554aeb5bce2760e1-->2,1,,,,2
07e9ae4c4567be2f769295cb5b6a1d2e-->5,3,,,,4
07f821a95e546d52bdedeadac09f7b3d-->4,2,,,,3
07f8819393424757f96c8ee8ee5008d1-->1,1,,,,1
07ffe3fa46f86499bb767fd2e9ac76f3-->6,3,,,,3
0803aec7637b98d732f4b073f2a18d07-->1,1,,,,1
08043bc275e24266fd6ab104ccfface6-->3,1,,,,3
080c36fd742242c8f086ee9756ae420f-->6,2,,,,3
08110d01ac27255397766b869afdb237-->2,1,,,,2
08116b377e205101268c19593ddbaa30-->2,1,,,,2
08179bb6e9e5a8a03eda00aeeb6f7ad2-->2,1,,,,2
081943e3b82c1241070491a9a6ff61cc-->9,5,,,,6
0819b652957fe26f7b8e5ac436ec82fd-->4,1,,,,4
081b797aaca55fc253dc89f9ae6c28bc-->5,3,,,,3
08223bf9c1a7f0399136591a815d83a8-->3,1,,,,3
0823db0c48496f71113897056e34a59b-->2,1,,,,2
0824583264366ff2352c466cace2d71a-->2,1,,,,2
0826ca3593df86e59a41ac5fded9bc83-->7,4,,,,2
08383be6cf798501c680789751a265db-->2,1,,,,2
0839b5314d9ca7ed5572419e7efbbc22-->3,1,,,,3
08481ca2fec9982747331ed36a9b1cdd-->2,1,,,,2
084a7aa4760fdccaa4d1f54e37303294-->11,5,,,,2
084e5404d3c32aa5724d26c969930714-->4,1,,,,4
08597cceb8d421b9561b17af5c1cb0a5-->4,3,,,,2
08622bc8a9dc304a21f15135dfacb3dd-->8,3,,,,6
086af6171e16e04f972a341cfacc27cc-->2,1,,,,2
086cd03950b0fe276509abbfc9dfd80e-->8,2,,,,6
086f841b57bd55c5aad294bf642a626b-->6,2,,,,2
087083a65a4943061823f5e42f62fd28-->6,3,,,,3
087fd4f68e6d738dd3a243976b4dd304-->2,1,,,,2
0881f9c9dd147ae4a99ba1b07855031e-->2,1,,,,2
088833a09bbb4606883b9c9e98464236-->10,3,,,,5
08885b088f6d428dfbf5b440739fbced-->3,2,,,,2
-->,,,,,
088f779008caa58ebecdee6943fbe70f-->2,1,,,,2
0892b0cb50fb4307e85fb82898e251a4-->1,1,,,,1
0897625dd4c1a67a543ff5c03e5a66df-->2,1,,,,2
089a4e49fb698a49257bf52b6e8eb904-->3,2,,,,2
089efd60c512e747634080ec71995a28-->9,2,,,,6
08a553d6ea7203664f711ea07bcc74a4-->2,1,,,,2
08a5f179cfc57e4bdd05c585bd455653-->3,1,,,,3
08a97210a5e81f78a56987af67b8f444-->3,2,,,,2
08abd080deef8bbf3cfc384c06262120-->3,1,,,,3
08ada205f0840ed4119781075cb674e0-->8,6,,,,4
08b57282ade1faefd76272ef7af01391-->3,2,,,,2
08bced7d3e1eae0d2c62cec25b594da6-->2,1,,,,2
08bdd060e76d87b92c123535ed0d0460-->2,1,,,,2
08c51994e4f73b58e06abad7e8779153-->3,1,,,,3
08c606aa74e9dc67b10615515af626b5-->5,3,,,,2
08c88ddd124ac27fdfc330e18cc16441-->1,1,,,,1
08ce237016baab0e0a99ee54e3a53daa-->2,1,,,,2
08cfb5f2887864f84cbd662f4ea4b5c0-->2,1,,,,2
08d07e546f266d3490d04e4993505b4f-->5,2,,,,2
08d0820c5ceb241feb7355b7d8fdda3b-->2,1,,,,2
08d1f3f2d1e7945037dec8251ba16ea4-->1,1,,,,1
08d1fdd6cd3f880f37d4c0cf549caea7-->3,1,,,,3
08da898f4deb70a5eded58fcc9d3964b-->9,7,,,,2
08db5c01eb6ef2cf2d58937b997cbbd8-->2,1,,,,2
08dbc0958391891fcee17f0a44e6be9d-->2,1,,,,2
08de431ddc60db70694b8e7521750ebd-->7,4,,,,3
08e14f5b9ef3527bbe5c87de0e072668-->10,3,,,,8
08e179be31f923347dcdebd967bfb68b-->5,2,,,,4
08e3b8b209522bf6bd6fc9817dcfc988-->5,3,,,,4
08e5af0d2e28d45b56f8f5cf69e61d81-->3,2,,,,2
08e6524999f354531f4750af54348cc4-->3,2,,,,2
08ecf9177907b2cee868d9cae3de4076-->2,1,,,,2
08efdfefc9590a45551f362fbe23f3fb-->2,1,,,,2
08f10fa3a56cdc3cba517a57cacc7107-->8,4,,,,3
08f64166627f265a5fa976815c937d44-->9,4,,,,2
08f6ac978aa9efb9bc592e6ac2f7ef66-->2,1,,,,2
08f84b612a8d25779aa3344e605e4954-->5,4,,,,2
08fa07d8cdc94b01562b1bc4c663aeab-->3,1,,,,3
08fc4e0c4bf4d900e313b3be818f3e8d-->5,2,,,,5
08fd4248cec1b1e338e9691d031dfc6a-->2,1,,,,2
09001be5d4d0ded95fe4d1220a3487a0-->2,1,,,,2
0900b59ce45712df968968846940c459-->4,3,,1,,2
0904dff9dbb6aac5aabcae6d863d7136-->1,1,,,,1
0906ded6655634547a52bc827f4a0f0a-->2,1,,,,2
0909561c42dff1d63305b7b361362869-->2,1,,,,2
090bc7adb0bc82ad26a08cfec8fa7a70-->7,3,,,,2
090da55245db60d50871953f7e944afd-->4,1,,,,4
090ef4942dc8875ce13674fd58942c71-->6,2,,,,3
090ff4388ab1776b35443c0d91bd7d46-->2,1,,,,2
0910eb1730978897874e8574942f1d94-->2,1,,,,2
09121d211eb0ec2ece4e0912f5453558-->3,1,,,,3
091832686916a33d9307defeb939a650-->3,2,,,,2
091d1d13f2362a026dac8186bf77c1c5-->2,1,,,,2
091df707d49c376d6b3b1f30867bc51b-->3,1,,,,3
092213c893b34cc7223a2772e91d1631-->3,1,,,,3
-->,,,,,
0925013769c95ed8fbdcfb368578ebbf-->7,4,,,,4
0927699936621d81fa54ef2fab182679-->3,2,,,,3
092ac2720561dd5e5f739f0e7bc892a2-->6,3,,,,3
0930876a115ee86d8eb9a25b2216cd66-->2,1,,,,2
0933428137907a80884c912b6ecc48f4-->3,2,,,,2
093d070d43f4238e97361d53a5d93472-->7,5,,,,4
094a9da9fda6b6a993d937a1ae792f25-->3,2,,,,2
0959acd5c2fa6a5ed55ae349367d4c7d-->2,1,,,,2
095a55670a76ade8bff35869161733fa-->2,1,,,,2
095c620f459ef50f3bf67aac4697cabc-->3,3,,,,1
095d1ca7f5d573a33d6ba913d066b6a9-->2,1,,,,2
0960c04737171cea696052ba5d0e5594-->1,1,,,,1
09674b923be83fd6008b647677d9f720-->6,3,,,,2
096d0294bc9c1e0ff89d47134f5c7c2c-->2,1,,,,2
096fb43705736f0e959a3aabe0990fb8-->5,3,,,,4
0975864ed61faf727cb43ed97603c604-->1,1,,,,1
0979f8791c6c5cc3ab91c46a805b4875-->2,1,,,,2
098142f1963827ecccbcd0bfecfc242f-->3,1,,,,3
09893f4b1b584b0398bd35c509aa2183-->3,2,,,,2
0989bb8f86cc6db56888304c000eac4f-->2,1,,,,2
098cca814348119c6dfbbb4c459cd835-->6,4,,,,2
098fb471390d91ddf9e9a915ebf51b10-->2,1,,,,2
099737ee9a9045c41a1088206625c599-->7,4,,1,,5
09a46e285b83db7b4a4aaf6267d342fa-->2,1,,,,2
09b15029a440b999261415666d287541-->5,1,,,,5
09b1dc9d947b43d10434e7677b2e6125-->3,2,,,,2
09b2fe13ffbffd2279ebc72f1ce8087a-->4,2,,,,3
09b44a7674d8e0737d8ccb9490572778-->2,1,,,,2
09b4d7ddd4fd7383577f69bef936dbc5-->4,3,,,,2
09bf71b3ee1762485f13dd4d59e42104-->2,1,,,,2
09c7a3b1573d49576974ce52cf425545-->9,6,,1,,6
09ce5cc026ba72373635938cb11397b1-->2,1,,,,2
09dc8df3f019e353c02f841c40f48b5e-->2,1,,,,2
09e22c4188986e7b6102f3b2f7faee90-->3,2,,,,2
09e389343060c754ca20118c7e4746f4-->3,2,,,,2
09f31ed544fb30ab339d91e7be69ab6b-->3,2,,,,2
09f6b70a4903f820597bb9f18e500a32-->3,2,,,,3
09f9f32af702241066567d4809e15319-->4,2,,,,3
0a028a994859cbdf6fe097af16681b20-->2,1,,,,2
0a0691e0a5008164419bbe1e01690971-->1,1,,,,1
0a0bca322ae6f95c149b1a1804a72ad9-->3,2,,,,2
0a12d16d325d7f79e6d44f11d04f06a5-->4,2,,,,2
0a16b852e4ad05f93db5079779c32bdd-->2,1,,,,2
0a17189b38587c301e2b0fda3ce329f3-->2,1,,,,2
0a24bb4a61b21bb3ce638e027a3c814b-->5,2,,,,4
0a2848ae606fe4e4a50ee79853dabf1c-->2,1,,,,2
0a31fd18dec69e6a3743912af1016e3a-->2,1,,,,2
0a3243c8184726499293ed58ccffc88d-->7,2,,,,5
0a3569ea1f4c6d77bc3ec0d1ae86fd9a-->2,1,,,,2
0a437ba9b84a8eb2eaa5581a8d48618a-->2,1,,,,2
0a461701ad39bf38c2c9f362597a6c7b-->2,1,,,,2
0a49b0d485299da0e38ae9fabca22716-->2,1,,,,2
0a4a73b5c1c609c1bddf127a4ad5ec54-->8,3,,,,5
0a4a73fcb3180786a216071809c0c77a-->2,1,,,,2
0a4bb57400547e56fb591cd5a1c8270f-->2,1,,,,2
-->,,,,,
0a52a3f623fa19381301bc5195ca5f59-->2,1,,,,2
0a52facd814cc29b6d92535788ace2d3-->10,2,,,,9
0a5acc6144ec03dbff4373c910bcb8df-->7,3,,,,2
0a5ce17b3716e39517bb9869dd5757af-->2,1,,,,2
0a5da408313de1a33332f057a533ba69-->1,1,,,,1
0a5dee92d7c054fc61d4bf7c1059ce34-->5,1,,,,5
0a5e42442f9a69e7abc3c2a8f8dbb31a-->2,1,,,,2
0a5ebbae2fc1ae87d16b8268b986284a-->4,3,,,,2
0a5f09b5f5ead14448dc9b16d18d5866-->2,1,,,,2
0a61002a95a05c14b6bdb65bb754a711-->3,1,,,,3
0a6b158ba4a1e83869a7becb70dc0a8f-->2,1,,,,2
0a6c6cfe9cd862b79b55883e473464ed-->2,1,,,,2
0a6e732991268695df0b78b2b77c5cdb-->11,1,,,,11
0a766992769d00c2842f6d86b49609ea-->3,2,,,,2
0a7a341668c212e05738de9ada10c035-->2,1,,,,2
0a871da0e246c3007d0cf12161b498e5-->3,1,,,,3
0a8cf6a3d06bc4c762bda8f2072f1c5a-->2,1,,,,2
0a8e5fe6e04519304ab083f4d616dc11-->2,1,,,,2
0a9dd6ff7cd65b2ed2b5a25084e72c57-->2,1,,,,2
0aa1025c38e7db97dabdffd2af564039-->8,2,,,,7
0aabee35c918e62865e1d6c58ade8981-->6,3,,,,4
0aac46a6db3cccf023ebf0f88be704f5-->2,1,,,,2
0aad63e56f2a725b72742a4a946c6291-->4,3,,,,2
0ab0572ae88a184352765c7fda3fc2a7-->3,1,,,,3
0abc36d0ccd51b53f4351cfd1a9e4587-->2,1,,,,2
0abfac0f07d45603e48cd3d6da674005-->3,2,,,,2
0ac15dca151a17e5b8deaa54d5edf7be-->3,1,,,,3
0ac5a68cd10987ea3d2b18ea6cf29773-->2,1,,,,2
0aca8cc65f2422b70b430876ca35da74-->9,2,,,,8
0acb6cb006ff44ca383ce3fa47e824db-->2,1,,,,2
0acc85626030363f03d6e43fc7a0a8b6-->2,1,,,,2
0ad6f59939662b53fd6c5a73cc87d561-->8,4,,,,3
0ad77b7a6a37cd72cba098259e4f5cd2-->4,3,,,,2
0ae0ae181d5cdb2751daa9bdec8961fa-->2,1,,,,2
0ae940378e1257c11a8585d00c173c6b-->6,3,,,,3
0ae9de60918899ef41e38b5c2acafdb0-->4,2,,,,3
0aeaf3c3a4d76a81c96db16931f20a00-->2,1,,,,2
0aed4dc3b9add9ccaea72ff5d2b81371-->6,2,,,,5
0af26c35fa953a742f28050c64f13020-->2,1,,,,2
0af278d4a652e62e1d548fa8b496ffed-->1,1,,,,1
0afa4e2580e9a9a53584c1275874a947-->5,2,,,,4
0affa5377fe1d56800556ec584931989-->3,1,,,,3
0b01e3a2dd0a9afaa45b0c7fce28d303-->2,1,,,,2
0b046ac39d1d576b04d93f9ed18a8928-->3,2,,,,2
0b076c30c975b133ac28a0c3eff2f283-->5,2,,,,4
0b0a1252daaa248576e38a4c8fea6086-->2,1,,,,2
0b10466448bcf2b2b1cb9c840254524a-->4,3,,,,2
0b124e5f401073a9f73dd067e162b771-->2,1,,,,2
0b176f928e54b2863b02507fd0549ddd-->5,2,,,,4
0b1f6ed7d8307f3b2d03b321ec73fc14-->2,1,,,,2
0b1ff2eb0644f440edb178f1e33c4f12-->2,1,,,,2
0b20af8f2bb9cfaad23e5f9905f36542-->3,1,,,,3
0b22fcefb196796a96b2c5e84b616ae7-->3,2,,,,2
0b2311f82cd7b5cee353c7523a0c09fc-->2,1,,,,2
0b262efe7202c5a0072c402bf3a43cb5-->2,1,,,,2
-->,,,,,
0b26a11ef120923dbe8debbc636c767e-->3,2,,,,2
0b2df6f0d95fddebd5af0227ff542b91-->3,2,,,,2
0b370a068e04c5f24e07c3a935c84889-->1,1,,,,1
0b3912c05520459980956169c46a15e2-->4,1,,,,4
0b3a1f2304189142933d84b0c6dc00f7-->3,1,,,,3
0b45561b345da78f37f5723dd7007bd7-->4,3,,,,3
0b4d88a734db66f6cb5bc9e939526121-->7,4,,,,5
0b513363478f643f4d631a14b16f4c89-->2,1,,,,2
0b5b86cb2be45aaa00f6387492e96c59-->2,1,,,,2
0b5c3323320f6f381ed7b3e11ef6629b-->1,1,,,,1
0b5f9111b1fa2858229344cb1e3e0e82-->2,1,,,,2
0b61035e2db7bea60250f4d5e64327f4-->4,2,,,,3
0b6622f7703822b11b9662f6bc3c6b8f-->5,3,,,,2
0b66e70329b9f387976c1da33807b111-->3,1,,,,3
0b675e338de2c6a41c4e0b56483f03e0-->2,1,,,,2
0b731d073c05d8a7f3610b27b5498ec9-->2,1,,,,2
0b7b5e64ba4d4596c9e16e89132eee8d-->2,1,,,,2
0b827b55a90c9d1428dfa2fef17a1055-->8,4,,,,4
0b82bebb464a31e0c8c00751db862b47-->3,1,,,,3
0b83bf8cf072f836cdd6ee9e6de1a3f7-->2,1,,,,2
0b8457bcd5bf0a97276957e601d8146e-->5,3,,,,3
0b86ffe8c58efd75a83c07c2ca0319c3-->4,3,,,,2
0b882409a6146734cd0300127c2f2709-->2,1,,,,2
0b8c0188aded76281e1218076cd95308-->6,3,,,,3
0b91a9619e85f73b91dc9abaf4aa18d0-->5,3,,,,3
0b93cfeabcbfac5d2cf8b167523cde12-->4,3,,,,2
0b9541a833781d30594a7d6a84025bdd-->3,2,,,,2
0b9764ef55cdd385135a26865f878722-->2,1,,,,2
0ba623a261d2c427ac0c4e73251a36e3-->2,1,,,,2
0ba7a1dbc43a4032d37aea8aad95b54a-->2,1,,,,2
0bad0c0d9f233c4d1da304a4a9300894-->6,1,,,,6
0bb098e2431c86c54a1db453b4d2c737-->3,1,,,,3
0bb4724783b8c38170cf7f49e59ce77e-->2,1,,,,2
0bb4b57cb522d1324adbddcf6374b2fe-->3,1,,,,3
0bbd10af34145f9358c248725b169504-->2,1,,,,2
0bc45db40203039d8d824f3000847788-->4,3,,,,1
0bd21fdfa9934c8590f24b9acb065123-->4,2,,,,2
0bd6d9cb0b80e25fd91a07165edf7093-->9,3,,,,6
0bdd98a9fd1f3477be070100101ebd40-->3,2,,,,2
0bddc5762fc51ecc6f8ace566efaf118-->2,1,,,,2
0be954ae32037f1d1b3031e6efd0d667-->3,3,,,,1
0bec48ac7c5a1e25bb7f8cc60e5f8406-->4,1,,,,4
0bf4aa6cfbdd5387bd724a771e8b9507-->2,1,,,,2
0c041d961803829604122029947e9f08-->6,2,,,,5
0c04a29002b0023285a03a424031ebb9-->2,1,,,,2
0c0cc5cb80b5f64b9f7c50fd4a4b71bc-->4,1,,,,4
0c11b4fd6741ad7f620e4c47f844cece-->2,1,,,,2
0c1a95cfc31ab0cfb6eddabb543108ba-->2,1,,,,2
0c219f38718558f48b2167fa3aa03a5d-->3,1,,,,3
0c24159387cea42e2c05f9b2badf45f5-->3,2,,,,2
0c24c32938a070211ec32578b9510573-->2,1,,,,2
0c251448655727606c0633e6974238e7-->1,1,,,,1
0c26b60254c554ca06125bd06eddb20f-->6,3,,,,4
0c29516412e4eb893a71cfae1dff1ab0-->3,1,,,,3
0c2b9af2b76c460512ae87bfca2e079e-->6,2,,,,2
-->,,,,,
0c2cf1f00a27c37f196e679fcc442c25-->4,3,,,,2
0c40572b44d44a9b0fea31358a74aba9-->6,3,,,,2
0c459f2521351ea63a4c46cb7e444f44-->1,1,,,,1
0c45de10b36c19ab400d0f434d232144-->2,1,,,,2
0c47f20d24684935528d0afb7ff6a42f-->14,4,,,,12
0c4cde8d03d1278192d0b4d47f00bd71-->2,1,,,,2
0c4f7f0c1dc5b97b18fab45c9acc5fea-->2,1,,,,2
0c5069338c0084b9538d1020d19b2bfe-->2,1,,,,2
0c534b0ae5643531f135134e768b843f-->5,4,,,,2
0c53fab3a68d8acdf8d2f4bc8662d317-->6,3,,,,3
0c593b41d6e64e0b90a4b26eb407474d-->7,4,,,,2
0c6b706dc5bcae2a9c22d3206790aebb-->2,1,,,,2
0c6bcc9fb1056064eb3230ccf9cd865a-->4,2,,,,3
0c6f04520d8c7d7662c704951c741fd7-->5,3,,,,3
0c72eff4f51188908f620a26207c250f-->8,5,,,,5
0c75ee581adc2f51285d3eb4b90972d8-->3,1,,,,3
0c768af615ee95c058247595537ba312-->3,2,,,,2
0c769a544beeb8b262be55634bc3c8d5-->2,1,,,,2
0c770a98c08c58728810283a22420566-->2,1,,,,2
0c782c5c2f2dfc58ad973042cb80eeea-->3,1,,,,3
0c7c08d53062d7328b4cb6376d787985-->16,5,,,,11
0c7c4b8c392d841abc945093af3d146a-->1,1,,,,1
0c80432bb80a17ae7f8fb8bc5be60d27-->2,1,,,,2
0c83ea828e77da59e9f26d07a137463d-->2,1,,,,2
0c87c38c19d0e10785f3d4fe298b6aba-->2,1,,,,2
0c8f0332fc8669dea3856aef2420730d-->1,1,,,,1
0c96f4f0911b0f46ac71bad1f30e51ae-->2,1,,,,2
0c9a3d084b4963dc80aa695f08fb1d8c-->2,1,,,,2
0c9d11d87b30532176d9f70ce4a4c3a5-->4,3,,,,2
0ca49f2cd89c989f80322f96a0164bb9-->5,3,,,,2
0ca7dfd998d4e294400a1f5ee5c9176d-->2,1,,,,2
0ca8adc9b0304adb1b1013595cebf8d2-->2,1,,,,2
0ca96ad0f3fe3337976dc47513e66430-->4,3,,,,2
0caa4025691a8b2ab3b8740c8b77d26e-->2,1,,,,2
0cb3214a50226d22d5424ba5eb16a0f3-->2,1,,,,2
0cb465943dcba422c36ba248ea4cdde9-->2,1,,,,2
0cb501386e4df0233f1ed654f837b1e1-->3,1,,,,3
0cb769cce85b88b96c6aba07640e246f-->6,5,,,,4
0cb7b6b0a626cbb75d1ea06737bbbd5c-->2,1,,,,2
0cba7dfa3492361d22cb63f4d541303f-->2,1,,,,2
0cba978fa58c05c82ffb50c7bd7a8e39-->6,4,,,,2
0cc11bc32f9308f6b392a3e63c917255-->4,3,,,,2
0cc6f0b212438099b982571b8b9489f5-->2,1,,,,2
0cc98010294c4ca76083a88bf6f5d9ff-->2,1,,,,2
0ccd2fca09ce5eb5eafa0bfcdc77006d-->3,2,,,,2
0ccf16c5fbfb6fa81fd3315d41037500-->4,2,,,,3
0ccf8da086967d13261edadcdd6491bc-->9,5,,,,2
0cd6d726653ee7208d8ba03c4c675951-->2,1,,,,2
0cd9f5993ead6dc61ed19c94dce143a9-->8,3,,,,5
0cda28b1571d9f2ea7a9508c84a86657-->2,1,,,,2
0cda50e7f8ffba2a9c2cb412c13e8a92-->6,3,,,,2
0cdabbfdfea0b80f9cac49f3d16fe284-->2,1,,,,2
0cddc13561aea933853e23b97d7599f7-->2,1,,,,2
0cedb4fbc98718646e622b845a6b5380-->2,1,,,,2
0cf47ef6cb45241f5ca8c072c5cda47b-->3,2,,,,2
-->,,,,,
0cf905eea204b8f9d41b9321be1c1f6f-->2,1,,,,2
0d0c0caaca8c8e48d330111e1edc45df-->5,3,,1,,3
0d0d6800ef5f76fe5c4d6396216cd4a2-->7,4,,,,2
0d14a37cc162526be5cf1be92b234a1e-->5,2,,,,4
0d1e5fa7878f02fc45c03a634baef8f1-->3,1,,,,3
0d23c527cf8e2bc7a272c330878aa42e-->10,5,,1,,5
0d24fc66cfd0f41eea1b76555a622ebe-->2,1,,,,2
0d252d0e53a7063710120dd5d3a84a72-->3,1,,,,3
0d27b0499bf59359cd06b8179f12d956-->2,1,,,,2
0d281eae86796c611a27a9f5e40bec62-->7,4,,,,2
0d29514adbd5439efc1c7da44349795a-->2,1,,,,2
0d29b8c5916e7d457857ae1e5a094e1f-->2,1,,,,2
0d382da56b252251ee9497ac483ccc4b-->3,2,,,,2
0d4d59e05cb15fdf1a8bd594f20013a4-->1,1,,,,1
0d522a7cba86f930f096c61c36ccdfab-->2,1,,,,2
0d5759263535abdf3f741cef190d6de6-->2,1,,,,2
0d5a59a762c4357c4ff4afc1cf8d9efa-->5,2,,,,4
0d5c2c6e46dd78bc363d2228c080b815-->4,1,,,,4
0d71bfa515f33811c7b3c1569da69b58-->3,1,,,,3
0d7a88894f774d586e8a3097d89912ee-->4,3,,,,2
0d8552d2af2c97d68613e4334f7b5d9d-->3,2,,,,2
0d86acfe10174f3d5162156380ba0d17-->5,3,,,,3
0d86fdfbdf9ccca393ccbf968c002916-->3,1,,,,3
0d879d07736a8e06ad0ffd91baf52547-->2,1,,,,2
0d8b7042965bb09bef0002f3788bfcea-->2,1,,,,2
0d95cbc1880ece1f421f4f85afdd38c5-->2,1,,,,2
0d96facb14d6118d1be7da575f75ae9f-->1,1,,,,1
0d9738e2d2bb20970d288ace8b3bc845-->2,1,,,,2
0d9843f3b648a03422468fe4339756f2-->2,1,,,,2
0d9a9e10b86606458319091e84e68bef-->4,2,,,,4
0d9baf3fa342ef939a0b72153ffc4e3e-->3,2,,,,2
0d9cdf853c41583df9f5b4236c8d57a7-->3,1,,,,3
0d9dbd9a0202bafe6d8037bb89a3f55d-->2,1,,,,2
0da549eee22c874a5e878c5209d027bf-->3,2,,,,2
0dab623df44239de76ddf167cbd51c71-->2,1,,,,2
0dad40bb19e97b2042e1ee52be3019ab-->1,1,,,,1
0dad5481555f2e2be015fe885b6eb4cb-->2,1,,,,2
0dadbbcb911b9458dab91861c35ceddf-->2,1,,,,2
0db099ce97c531d084d9ffe72f394c74-->2,1,,,,2
0db2e1b7befe2df746401b075dbb1cc8-->4,1,,,,4
0db4f9641c28d88dea1bade1733e57c1-->1,1,,,,1
0dba35f5401faa2dbc2f1a912973d2ee-->1,1,,,,1
0dbe65c1b34a415b6832efdb2897ef44-->2,1,,,,2
0dc202ddd8cd8e85105dde99e8bf97da-->5,3,,,,3
0dc447ace26c5a422741cb6a111372f9-->3,1,,,,3
0dc556f967c278984f4edf15bf5eebbf-->8,3,,,,4
0dc97dea802889f902861030b74382f8-->2,1,,,,2
0dccb8d40a3ee97a39835f5dddea19b2-->11,3,,,,6
0dccf859fdec72269fc149352d03ad63-->3,2,,,,2
0dd034cb682ff11e0c2b5e4b323107ea-->9,3,,,,6
0dd09607e8a1fe485c520c6da5f8f1c5-->1,1,,,,1
0dd20d4a2f49946d9423644195d48202-->2,1,,,,2
0dd3c32c1c787696116c781c103148b4-->3,2,,,,2
0dd5d3e4bfaee1db82b1df487a465075-->10,3,,,,7
0dd5f071379781fe8dbf33b11b6e28d7-->3,2,,,,2
-->,,,,,
0dd7d87f7f33d4d145dd8987ceb622a5-->1,1,,,,1
0dd8fd756ed446be73f48226285f96a7-->2,1,,,,2
0dd93a8602140889251e7663e5b27e2d-->12,6,,,,7
0de4a7bafc33e301d9dbca500ac46c40-->3,2,,,,2
0de5095ee8470adc97ceb50baa27372c-->6,2,,,,5
0dec2be4df165fdb08ae9c10d26411f1-->4,3,,,,2
0df2437e3546c489dcf9c5b4211be2c4-->2,1,,,,2
0dfb1e363a8f529ecfff6d61c2149949-->2,1,,,,2
0dfc3d9746b2488ccaf0934fe98f4665-->4,1,,,,4
0e02e825a37e8827d6d950afdd1402ed-->5,1,,,,5
0e055941dd2f9ed39c8aeee9560f1ec5-->2,1,,,,2
0e078eb33980c487fd16cc1a25beaa01-->2,1,,,,2
0e09b2f10dbace1eae182c96c363bd83-->2,1,,,,2
0e0dbc463e2396bd4a63f8383de44816-->9,2,,,,7
0e12fd62ad359aa69aa352116e2e4d37-->1,1,,,,1
0e1373b70240a353c3768dfcb9c63c8a-->2,1,,,,2
0e1d790567b9f7954ba698a569409175-->2,1,,,,2
0e1f557c1ae368fa8370fa3ccc6a2b8a-->3,1,,,,3
0e22905f1202e490192b2433f9ad6331-->2,2,,,,2
0e229694ad4b55a3ee619053dfd051ec-->4,2,,,,3
0e255b2157479758e47db4a1fd5e01fa-->4,1,,,,4
0e2564d08533060644e61f06a23bcfad-->8,2,,,,6
0e36ceda7e7c72ce8f46548e9eadb5b7-->3,1,,,,3
0e391a48a7b9191b12a4ac8f7ab9e3ee-->2,1,,,,2
0e3f44ebd303b8a4587627c003b56d93-->4,3,,,,2
0e4109d13b1081f32bcf0cf080441cb3-->2,1,,,,2
0e44fccd64dd5daceeeed0d45db3b84e-->2,1,,,,2
0e46f734f3cc03361d779428cb9124d7-->2,1,,,,2
0e47900ad1997282e401b6cdca0180ec-->2,1,,,,2
0e47b32417544bc7b26b8a7942b79680-->2,1,,,,2
0e4a5c0997ca0c42f089251cb6a36c8d-->4,1,,,,4
0e4fe14430eac189887a92e1a0c4ffcc-->4,2,,,,2
0e54c61ebaf88b6128d8851eb87390e5-->4,2,,,,2
0e5a2a8251d1c1f7b0e59de7aba1a4c2-->3,1,,,,3
0e5e825878c77f0b3559b992ea27ae1b-->1,1,,,,1
0e5e9e3c3549566a37aa681f11c4a614-->2,1,,,,2
0e659fac098721516de3aaba703bd28b-->4,3,,,,2
0e6fa5dd22aee39cd51536a80dfa5e8b-->2,1,,,,2
0e7e328fc93c4fd87f7d7278c2e757db-->2,1,,,,2
0e87e12688e83cda89da5187f92bb0a6-->2,1,,,,2
0e8b4414fad0d1cfaa0e145e8cd0eda8-->2,1,,,,2
0e8bbf464a715b80b1d30c0f4369308d-->6,3,,,,2
0e9368ac69d074e5ea403d7bb0d29252-->4,3,,,,2
0e968a2d5d6abb26d2521eab024a3ba3-->6,3,,,,3
0e98642d0726a8e146aa4f7df0586791-->4,1,,,,4
0e9be81d4621a6f5c41b0eb38034fcba-->6,4,,,,2
0e9c0101cceaf8eae20df5d664b2bf5b-->4,3,,,,2
0ea13abb2eae853340e212ee7d75bfd0-->6,4,,,,2
0eb582c8f52483ef106edaf091b0137b-->6,2,,,,5
0eb78bb4d964957c39210bb2731c189a-->6,3,,,,2
0ebb4161564ed6fa0764d9b0ecca72f1-->12,3,,,,8
0ec474db94bc4acbc09aa47d07e442cb-->3,1,,,,3
0ec5a7a5f6e14e24a584d6d715b53e81-->4,3,,,,2
0ec6260382a20c599a546600767e2be4-->2,1,,,,2
0ec6dd5401e5ff436d7b0693016fb7c5-->2,1,,,,2
-->,,,,,
0ec9d236475468c4ca4329dc833e50ef-->2,1,,,,2
0ec9f1b717dc10d128557e08d08fc69c-->5,3,,,,3
0ece89058aed269a5d540c3409548bf3-->4,2,,,,3
0ed1758a293137641b071bb6aef64047-->4,3,,1,,2
0ed3c9d8159ad4760560116c555db753-->1,1,,,,1
0edc0bdba7ad3bd6cf358d1a61795af3-->7,4,,1,,3
0edc4ae8cbb8f1eabcda97ab3dcd61f4-->2,1,,,,2
0ee41282614f305d289bb15842c521e9-->5,4,,,,2
0ee8077be592c8f768f39224dc1e458e-->8,4,,,,3
0eed4d5eb21827acf4311a92f40b32e7-->4,1,,,,4
0eed85f589615565c3ad27cd842eb359-->2,1,,,,2
0eedd959c936d5be987d8e4450617dd0-->3,1,,,,3
0ef0751a1f4fd33b8337c60d55fe4fd1-->2,1,,,,2
0ef0aaed46b6e5e1cf189d30c87efcbb-->3,1,,,,3
0ef34a6a91d4633654d9e12aceded6a2-->2,1,,,,2
0ef7e26d0257f48b1575cf14c39ee54f-->5,3,,,,2
0efed9b07764d491c5cab087e62f82bc-->4,3,,,,2
0f036ba95de16d4de0b4c5ef1c532ccf-->2,1,,,,2
0f07be916b8acbc05bd6f1423dc6bce6-->5,4,,,,3
0f0a88e83a3b1da0c7fb018016963c5f-->2,1,,,,2
0f0d3d3120192260219625385e936d12-->1,1,,,,1
0f0ecc2f14bc3a638bbee9e2aae2d564-->2,1,,,,2
0f125046711ea31bd28fc343c9ebfb60-->2,1,,,,2
0f18f7cd9f001d0ff2c18a82fdb0bb6d-->10,3,,,,3
0f222035053dd0e0be6df03ac179d8a1-->2,1,,,,2
0f227bae32d9d9f0a795882f2dffb167-->5,2,,,,4
0f2366c56f12a8f318d1ffdc38837ca7-->5,4,,,,2
0f2461830d789924baa25621485869f5-->4,3,,,,2
0f2d94c82c550ce9d33c4f4596bfc695-->3,2,,,,2
0f366ace0aca104faeb9b00b07537bdc-->3,1,,,,3
0f3ecdb3a69adaad2d1c576f9eb289c6-->15,8,,,,7
0f3f3eb11ae0fa2cb6bb4c5a4d69343d-->5,2,,,,4
0f4760bcd83b9e01ddd74602c694a116-->5,3,,,,3
0f48e69038688bd3b695dcc874f1c47b-->2,1,,,,2
0f4938f378ace4c660d4993bffd025a6-->5,2,,,,4
0f4cb7040109cd15d4fdaa419a0408d8-->6,3,,,,5
0f4d080932bfdbe441ec50e3c4f2b984-->4,1,,,,4
0f557a3c05e923ac087fb6e1a01ad9c1-->3,2,,,,2
0f5f192b6e10e2c5eb30e237a4fe1dce-->2,1,,,,2
0f603ce88e9302e171fa0795b806e514-->2,1,,,,2
0f61946c9f3650220eb18356e7218b7e-->3,2,,,,2
0f682cd12bf88462dcc1de777e8d31cb-->6,2,,,,4
0f6ba48888c585cc1f06bdbd22318c98-->6,3,,,,2
0f72bfe7931a17354c3c0e4c648ed3e8-->2,1,,,,2
0f75ed23079068bda7d716aed57daa94-->12,2,,,,10
0f78bb821cf556f7a746b6cfcf60f3a3-->2,1,,,,2
0f7a5605a167509b66d0f2d141a3b1ea-->2,1,,,,2
0f80809efa7bdb42b8417997bc0f30c1-->2,1,,,,2
0f883a404dd4d70a8544e71605579d70-->4,3,,,,2
0f8fea0ebc655b287106cedc462897b2-->2,1,,,,2
0f902da79ccc0a8bbd2b198b034b484f-->2,1,,,,2
0f985e51cf5ef8a11b55374ce67d928f-->2,1,,,,2
0f9b9fde207b4151f4c5bb6298e62d58-->2,1,,,,2
0f9f32715e4f8976e1d4e2fc3b57780f-->6,3,,,,3
0fa43dcfcf8004a128acfaafd82084f9-->2,1,,,,2
-->,,,,,
0fa62ed4b906b53125e57e91f228c890-->4,2,,,,3
0faae2d1a7aa54c4f6ba69f756f831d3-->2,1,,,,2
0fb5cd4a49c0875999bae02495602ffd-->2,1,,,,2
0fb96e6ab7e70c1aabecc28a5a7e160c-->3,1,,,,3
0fbb3833782f0a33e81251a7effd8721-->4,3,,,,2
0fc181d178e194a6e763965e40fd785a-->3,1,,,,3
0fc53981fc1066692f50b8229a5b6c6f-->11,2,,,,9
0fc6eb6a16d915cb72a343c1533c3ea0-->4,2,,,,3
0fc919ef3bf3eee34b634c7da4dcaf63-->3,2,,,,2
0fce7cdd2d3bce3a819b4b5f39e5e359-->1,1,,,,1
0fd5779ca01296cdd401d180ef797170-->2,1,,,,2
0fd8110e7f1c86d118e1b34d741331b2-->12,4,,,,8
0fdbcf22395dfc8cc98767e3c4df43b9-->6,4,,,,2
0fdf393fa2a03e10423af17c5fa14adc-->4,3,,,,2
0fe28ac23372ab6c654525ceebd7b1da-->2,1,,,,2
0fe455e18a29c4cca80498ce01866186-->4,2,,,,2
0fe521080538af5e03bfa3cb130b9a76-->4,2,,,,2
0fe5fdd851c65e2b1861e638500c3287-->2,1,,,,2
0fe96d6da7bb5d31a0d5502f7b5920bd-->3,2,,,,2
0fece8c64bb4a47069c68b49c7c3b370-->11,4,,,,3
0ff45a4c65923962645804d590d23c5e-->2,1,,,,2
0ff52ad444a622c26cb82d91f3d3bf75-->2,1,,,,2
0ff88403e4d15dccb2c670b95faec296-->4,3,,,,2
1008739a846f29522a0ace26441034c2-->8,2,,,,6
100b19095264d5b39a5c9d71902b307e-->4,3,,,,2
1010f933e27923c862bd28a3a86ca917-->2,1,,,,2
1014edea04dfef527446b6cf7988176e-->1,1,,,,1
10236f29e5473bbc7a24b41bb062c290-->8,4,,,,3
1024156101b0cd0bdde2a6e53ed21748-->2,1,,,,2
102b3c2be6d50058c9baf0ec6ecf6871-->4,2,,,,3
102e824443ba6e962eee93cc5b7d7bf3-->5,2,,,,4
1030a5d4de807ae7e281c466b944396c-->2,1,,,,2
1039f9d9e6847ab1abc1fc054b7230fc-->3,2,,,,2
103d5275df4309b46d53b0551a7e8375-->1,1,,,,1
1040e63b4823dc7d2a75d42a59c29998-->2,1,,,,2
104aa6c7e85f2da04a467e20c911d77e-->2,1,,,,2
104fb679d218dc0e4cb60a659a3eafbc-->2,1,,,,2
105428496f3cbad0b3e4b60fd0ac5920-->1,1,,,,1
10592fa3216f893758b38c8ab6a4eb58-->9,5,,,,6
105d1feb313be891aef48ad5a5432d06-->5,2,,,,4
105e22e754fb0dd71116fc5df317091f-->3,2,,,,2
1060d7f76d4cd435cd80efaeb8639261-->3,2,,,,2
106220433f3dbbfae728247107425e20-->11,4,,,,6
10627007aa887841f7dcedae38a46cd3-->5,2,,,,4
1070c33655f9ba1f2fcc96a0fb2cf2ec-->4,3,,,,2
10796914a1fdecb9dc63eae21bd46a9f-->2,1,,,,2
107a7ca4e5d3d6bb1cad5f9b92b4bb66-->2,1,,,,2
107acbc81b5e99a016efa22d3aa738aa-->3,2,,,,3
107bc9b3879806b814a1eb0b9302d481-->3,2,,,,2
10817ce5486b724d6d486fb7684fab29-->1,1,,,,1
10821efe477212336f556cf0742fc4db-->3,1,,,,3
1082e3c22eb32052cff36c80e074c1c3-->5,2,,,,3
1082f1beacd874dee1e4b41c4603a4e6-->3,1,,,,3
10848b6ba923ca27dca534e16f32092e-->5,4,,,,2
1084a43db6f44cae534ba05c8d07c37c-->6,1,,,,6
-->,,,,,
10876dd2588f22a13a1761d9d0b44e9f-->4,1,,,,4
108cb35595f97115361411e6cf312d5c-->3,2,,,,2
108d50136fe2fc312c94d2d47c3f75e8-->2,1,,,,2
108ef6f2d70fea1393156c480b600245-->1,1,,,,1
109da12e0764c470beb87fb81531e2db-->1,1,,,,1
109e30d697650b0f8fd431e3bb905dc4-->2,1,,,,2
10a03922a47f41370bd618617a83a7fa-->4,2,,,,4
10abad275b47283f4067a244174efdb8-->2,1,,,,2
10b5b1974e9ff1dbfd10a68188640b0a-->6,3,,,,4
10b71170339e8aab8fa45d8d5a4c99c8-->6,2,,,,5
10bc077478044c0f64aaefe3f98c980f-->7,2,,,,6
10c00ffe53a33e64240a7ae9eb710657-->3,2,,,,2
10c13998a0f96882f717241265451eb1-->2,1,,,,2
10c7bbd1fc2929c0b8387695e77cec37-->2,1,,,,2
10ca9159374d3a7c9b0f329b7c2205b2-->8,4,,,,5
10cc845fd90d1ac2c5f4a601a3010b77-->2,1,,,,2
10d18292ba72b59e0f1f5140d43795a3-->2,1,,,,2
10dca4f837c9dc3b9eda30cbcc06ac71-->11,2,,,,7
10e1e9257ca6a15e5a62ae8782eeff0e-->2,1,,,,2
10e4ec7d045bc1e10176ca1acf004c27-->1,1,,,,1
10e6018d61e1c6ac5d613523775fdc6a-->5,2,,,,4
10f1bca7058b83b8ebc1bc1470e7de48-->2,1,,,,2
10f2e358fffb66732f51ead53bc10ce3-->1,1,,,,1
10f55e642600cb52c1e6fcf8b0fd4d0f-->2,1,,,,2
10f88d774c5cf1d55f6a317d0ee4b07b-->4,3,,,,2
10f943015f29c856ecdd93ed5e357854-->2,1,,,,2
10fc07f7f5d7c1ceb3082e491a63df5b-->7,3,,,,6
10fe1654c2c1cf68bacffe527a39e359-->3,1,,,,3
10feebbb488d1f74ac88af2315d0d51a-->6,4,,,,4
1103d74b6c4c3b91d49f1de44661653f-->4,3,,,,2
1106fa56b08172690a0682f26278a0c6-->4,3,,,,2
110c2c6d51a24d874af550181665e5ab-->5,4,,,,2
110e8b94b727fa65fc84cd0d4c705f57-->4,1,,,,4
110feb9c8906ebb7e974ecd20d0801a3-->4,3,,,,2
111a6789feca01c55c320821559ba4bc-->3,1,,,,3
111c10941795b9cee0a6c54cf4cf574b-->14,4,,,,7
112525addb6776186d8ffb0ac136190b-->3,1,,,,3
1126d2a5122bda7905fbb0d692f981ab-->4,3,,,,2
112b6b4c3d5f407cd171603e95df9fb5-->3,2,,,,2
112e841f078536d371bc2731d985ba0f-->2,1,,,,2
113118762e28d1a63ed819b9567e4b0e-->2,1,,,,2
1134dbb298b15524ffd1362e9be46a17-->4,3,,,,2
113d755570e9b4ecb18147726608569b-->2,1,,,,2
113e6f5e318a282c22a18bf98600920f-->6,4,,,,2
113e8bcc93839d5982ebd0a612b0dd8d-->2,1,,,,2
1140bcc709ba14b02df5a5cf121a471f-->2,1,,,,2
1140eb8af488e1cf4fdbcb5c3d7c68b7-->4,1,,,,4
114ed2cd70905656ab13a5d3fbfbb884-->3,2,,,,2
1153028c723495b9eb9b6014ab4932d6-->2,1,,,,2
1157a76c7e468dd4129db26c24f4f42f-->5,4,,,,2
115bf89c2078014c97b46ea1995e95f3-->2,1,,,,2
115dd85f5f0887ff7536490ab8a2c786-->7,3,,,,5
1167be408b3129ff79f08d1d37c9e27c-->2,1,,,,2
116b4f123993abf4a172a4df4d3a78ab-->4,3,,,,2
116ecb6bab785e16e0d7b999382818b8-->2,1,,,,2
-->,,,,,
116f039e06c8104589ea95f977149137-->3,2,,,,2
1170d0c9cc2e3bdad162806cd34296c9-->2,1,,,,2
11713dab94eb8c5a9f84fcc367910727-->3,2,,,,3
1180c2db05104ec17200fa3d06a1c809-->2,1,,,,2
11844115826790630453320a15e2217b-->10,3,,,,5
1185eb42999b8bb01ff9b133b7476cb1-->2,1,,,,2
1196c81645c391a0fff3d61662950a53-->2,1,,,,2
119ae05e61538065d9786a4b2d96d1ae-->3,2,,,,2
11a9bc6fa38761fbb3ddcea6b7a4a008-->2,1,,,,2
11b0229bc7300b6c8545cc78e0f92a9a-->1,1,,,,1
11b3078b7b7b8496457bef7feced4184-->2,1,,,,2
11b3a759015a359e1647748c2761bc0b-->2,1,,,,2
11bbfcee7257436e63ce3c0cb2bc5428-->6,3,,,,5
11bc5393f23367c022a486f8a2327997-->2,1,,,,2
11be5e20276b4eabc0c6675e3e04bafb-->5,4,,,,2
11bf2b1a04849a270def42b0b41be275-->2,1,,,,2
11c18c95f7f800075c8f0f0eec4c2c08-->5,4,,,,2
11c3d26901038727c3414c907a1c6e3a-->8,5,,,,5
11cd7f2296d33702fcd0b4a29d2567d6-->3,1,,,,3
11ce3cfb87fe0aac1eee17b7d68ccf88-->6,4,,,,3
11ce65ad40ef6f15f5330f0e49eae2af-->7,3,,,,3
11ce8cc01c0879a8f7fa957e886b2cb1-->3,2,,,,2
11d286b67f37f36a30c9255f6d0f2937-->8,4,,,,3
11d42af325eb81e94ad0714e38658ca3-->2,1,,,,2
11d45eb2ac7a7efeff774d774f767477-->2,1,,,,2
11dca06b27f8a4f5638ffdd56839d813-->2,1,,,,2
11dca9ee1d207b08a6dc7e9b9f6e0eb8-->1,1,,,,1
11de46f93e636e0f33bed0c4a6837304-->2,1,,,,2
11de9dc17f0898a3a6719549df5967a2-->3,2,,,,2
11e835d9ce0fa8a1f17c116649db20e9-->8,3,,,,5
11e93a8eba49ba9aba7d4da3b652a6e8-->3,1,,,,3
11ef8bc67654495afd9265c4e0bceb0b-->5,3,,,,3
11f49012c44ef01863a1ac599a1b91cf-->5,2,,,,4
11f6713f1038c6c9936d4dd471dfe317-->1,1,,,,1
11f8ed3fd2f53d06bf76c2bbe4b23661-->2,1,,,,2
11fa0a388f320ca9edab6d461912be06-->7,5,,,,2
11fcf24988beebb77d193081c7b5524c-->2,1,,,,2
120b6270c0aa1f73d20231eda972f7a3-->2,1,,,,2
121508f8fcf35e0d1ad5b905d96bbc60-->2,1,,,,2
1219bc69490c145c4337fc3f0e041ed7-->2,1,,,,2
121e47b380593301f43fe12b127c574b-->2,1,,,,2
12202e64414a6ef4dc45fa5343f4a667-->2,1,,,,2
1221cffe41f8cef041c2dfe6c12dfc4c-->2,1,,,,2
1222f17db48ea09535cf85f349f4f14e-->6,3,,,,2
12238e31abfd77226d7d155856125078-->2,1,,,,2
1224a286dfdce3342ee3b67cf2dc7e36-->2,1,,,,2
12252c60b3f0cf182f001f066546c794-->2,1,,,,2
122aa575c6d378e970924eea873b7f5f-->10,2,,,,7
122f80961932778391e7f1d8aa250dcb-->2,1,,,,2
1234f627c0d385b07b7049adcfe470d1-->5,4,,,,2
1238ace779c79a2711a3704d1f7cbb3f-->4,3,,,,2
1238cd1384f7b99794bfb9f1e3f20856-->4,1,,,,4
123909f2f660aaa303e86009df4e830d-->5,2,,,,4
1239e22a6588da24148168a118e95b9f-->1,1,,,,1
123d48dba382e647350f2156738e215d-->7,3,,,,3
-->,,,,,
123d994d5a8c7a0fb86dace1acacea63-->5,2,,,,4
1240b55305c5f09da9fe0d20a835ed1e-->2,1,,,,2
1241a72da9e4c907c0e912f4356f162b-->2,2,,,,1
1245cc0391f0b159ca63990826cc48cc-->3,1,,,,3
1246165995ec9aaf3085b95c38643e52-->2,1,,,,2
1262909672553db0790211c3c9eafdd0-->2,1,,,,2
126796b254b49eeac94ca8791d181f25-->2,1,,,,2
126941495716b7b3fce1a5bcf1213065-->7,5,,,,2
126b1f445b0c7508305b4edb8aa637f8-->4,2,,,,3
1272d9c4e2587eb95bd78342cc8de575-->3,2,,,,3
127e8801bf132023096ef1bc954d287a-->3,2,,,,2
12811fc995d974720d33e66a7047c179-->2,1,,,,2
1281e31de7b04030bd3d80a1371132fd-->1,1,,,,1
1288a1eba70a2bae8744989dac63959e-->2,1,,,,2
128dcc2ac77cce09e3811bbbb1887eb1-->5,2,,,,4
1291da3475bfb64f60bf4e432a619245-->5,2,,,,4
12921a1371989c8c26cd06819324c267-->2,1,,,,2
1292f0adca2639095ed01632b2ca45fb-->2,1,,,,2
12933d3a8eec3e9ada7977de2ad3fc65-->1,1,,,,1
12950004449fd3d0c5950bb9b928ca22-->6,2,,,,5
129569de572560e9910bb445453faf90-->3,1,,,,3
12988293d5dae0179fd475f9a73e4b05-->5,2,,,,3
129f6575e22718d361b0e0ea75a8d6c5-->3,1,,,,3
12a0a8be7066ba36e42961aba17b5738-->2,1,,,,2
12a28f0d3b07037e8303607f82cfb1fd-->5,3,,,,3
12a2e7aa7c4a88b09ea3fcf9ad8dd7eb-->3,2,,,,2
12a4e49b61c714609f6fad703c1f2bbd-->2,1,,,,2
12a8edc73f84705167da3ed358b41457-->2,1,,,,2
12a93bbc193559805076593ddafea238-->8,4,,,,4
12a95d3580edf8a9f9c1874ff321ab26-->2,1,,,,2
12b9533d669cd68a1d73f436de9b5f4c-->3,1,,,,3
12c22a36838f31a05b1cc10f8c014cde-->4,2,,,,3
12c4d582bbb5a0d1b6d1383fdfe74edb-->4,3,,,,2
12c54d99110687715eef679aa6dbb0c1-->3,2,,,,2
12ca6b6856c6eef9b44d591fed46d9f1-->3,1,,,,3
12ce1d460ed6a945f61f6e6b74cbb608-->9,2,,,,3
12d4daec6c24905176568c57e60ce513-->2,1,,,,2
12d57292700663058d4009b35701a896-->3,1,,,,3
12da9e1ff133230c655f64ba019da690-->3,2,,,,2
12e31f308f6ea6f0650e42cce1aa3d39-->7,4,,,,3
12e515cf714a32042b5293225c6c2d88-->6,2,,,,5
12eda0737f40b8f814431c5968c101c5-->2,1,,,,2
12f34013149a4d9a2fdf71fae3dafa1e-->5,4,,,,2
12fa3e6dd9ace7fbee9cbd1091eaf13d-->4,2,,,,3
12fdaf5f372c5550b6196a5f60af63a2-->4,2,,,,3
130afb35d6209061b9debb60b76fca20-->6,3,,,,2
130b3adaa53fbd6515ba90c9c0c68543-->2,1,,,,2
130b99d003e808f36c579e737ce18ed1-->2,1,,,,2
130f555c775d3661bf04beb5db485a2d-->1,1,,,,1
130fb68260de4ec299746b7b2e3a5230-->2,1,,,,2
1310260ff1d8bf6bc56622cf225b3e6c-->2,1,,,,2
1315425fe2bb092fb39ed9bf5b379247-->3,2,,,,2
131ae5a24e5da94e113d99e3294dc74e-->12,2,,,,11
131b369d08be8e68b005989303c17ea1-->4,1,,,,4
131e806bf0ae0234c659001f476dc7bd-->4,3,,,,2
-->,,,,,
13218846e328ca5f2fb3076ab5cead06-->9,3,,,,4
133b787223549e1539ab97b6e97b9e9b-->2,1,,,,2
1344a6cc929742280d4577bb03ba1d40-->4,1,,,,4
1346c24bfb0f72d1a5a0650652538796-->2,1,,,,2
134b0b1f0ea1b8693b76657ad0656388-->5,2,,,,2
134c758fa83e84fbcbbc7e61c71e38f4-->2,1,,,,2
134da54f4662bd2eaef4b75afbe67bf3-->2,1,,,,2
134ffc7aeb20b1875a7159ba43dccf59-->3,1,,,,3
135599ddae377612ac6ad4bec0aa2a38-->8,3,,,,2
135a174dea75b2c5d136e8810cbd624f-->2,1,,,,2
135c596c3c5e9b88d33dff277a141cad-->3,1,,,,3
135eecb5aa6214995c0a28a78bbe4c96-->8,2,,,,7
136558705efb37cb315c75c6530994e6-->2,1,,,,2
1368e23dc1bd34030cf32453ca601869-->2,1,,,,2
137d25d89024c30b674d75babca45809-->3,1,,,,3
1392cef7259f6f3c8318fc1965d1718f-->2,1,,,,2
13941f1907fd5d4c5f7da85ba8805f29-->2,1,,,,2
139921f4c528a9624a8790ca59373a89-->2,1,,,,2
13996c86954072738803320d897a26e7-->1,1,,,,1
1399c776f286ba1bc405eb45d10f6165-->3,1,,,,3
139acabce0f080c26218e83f36541b87-->2,1,,,,2
13a0647ba93dc034aec7aa329a8e11ff-->2,1,,,,2
13a825a9a892210353d507794cc29d56-->4,3,,,,3
13a82b1fd1b8e8fa5eb676212ddfb0c0-->5,3,,,,3
13ae8460b63080af805699970b07a2c1-->2,1,,,,2
13c32170dd7f4fe2ca4df2ac9b3b7665-->2,2,,,,2
13c4e2bcbc3bee48d842971dac8c10db-->3,1,,,,3
13d04b7af8fa542fecf7eee0d0cd1d07-->3,2,,,,2
13dda0c3d09ad741d5784e26b22741b9-->2,1,,,,2
13ddc01f760975ded60f6328539b84ff-->2,1,,,,2
13e195059f9a9f1f75967d82e0734abd-->8,2,,,,7
13e36658932accc3f68dce3f3638810f-->2,1,,,,2
13f4512d06bc57785c995b576e672a53-->1,1,,,,1
13f53018f7333dc74e47a48eb4e7b0d2-->5,3,,,,2
13fdf0f3509f8caec5207f27bce177cd-->4,2,,,,3
14092e226cc301c2d22d3f198dac5f0b-->5,2,,,,4
140a2e474cf9badcb6ce4e9a1c488ab4-->3,2,,,,2
14186da8d9731fc29d186669d0f7f696-->6,4,,,,3
141a17a2f75237624db7fa89d5fe85a1-->2,1,,,,2
141b77c655f143edf714cebc4716a5b9-->6,3,,,,4
14255dd157e6be8384107b0a4560217e-->1,1,,,,1
1425e6913fddb3b6fe4eebf655330993-->2,1,,,,2
1425fa7ced1a508a73e4cbb8ced3a7c2-->5,2,,,,4
142cefcccbc8b06317ab0306f5688bce-->3,1,,,,3
14307cd431da402c8179e525f79a8a53-->6,5,,,,3
143a5427cef41cbd43679bf6e1e3e301-->2,1,,,,2
143eeff9f03e0d1a9a7c41d5621e5e93-->6,3,,,,3
1447f1cafc293f466af1dd6992ab2722-->2,1,,,,2
1449b3b9dff789b9a0a43362c28b1994-->3,2,,,,2
144ed4a0dfd3f584a5fd85cd88c038b9-->2,1,,,,2
145238ff08941f7f1917635a466b44c1-->9,5,,,,6
145353d3ded106a52889f50bdf762ef2-->2,1,,,,2
145c7b236a470369bba7ece28ac36a03-->2,1,,,,2
1467b3a818a8e937af770e7cd1394b10-->10,6,,,,5
14684ec029c57cc3ca951834c2aaf82e-->5,1,,,,5
-->,,,,,
146906ecba6e842104c287ee21dbacaa-->2,1,,,,2
14698dffc2d2ff939210dca74dfa41be-->2,1,,,,2
1469ef5f39b9f98a36400055bbebbfb5-->4,2,,,,3
14721b613ea78790de96c52b50d60b3f-->2,1,,,,2
1474cdf47f0360ed14a3001020899558-->2,1,,,,2
1481eaaf90e2619cb3fd9a01274e1a04-->5,2,,,,3
14858dfa697b4f6116c5ce114d194c73-->5,2,,,,3
148e5ca52038264f7047c4ad9004934b-->4,1,,,,4
14937ed1b1a60e8d4c1d22fff969636f-->1,1,,,,1
149440e179b05a73d87c6ec3a31a81ec-->2,2,,,,1
149663f821dc568471ea037e17e7e51d-->2,1,,,,2
149937e4f39583c73e39e2b10883977a-->3,1,,,,3
149d73adf7c5a831d22778845eccc96f-->7,2,,,,6
149d931564998fa956d67c7c7f9f5f65-->3,1,,,,3
14a0a88a5a4eabf1e422267ee0ffc0a6-->8,3,,,,5
14a5465299dcea77e4f02cb88a9c4900-->7,3,,,,4
14afcdb7fad72f5a22d7e3dc01424a1b-->4,3,,,,2
14b4bef2f3eed6276b0c4d4dbc4ce22d-->2,1,,,,2
14b77aa07423a51008f23513f73c299f-->2,1,,,,2
14bbc85e5096316ea77664b08fd11319-->5,3,,,,3
14be126359adf9d40f7c380cd264ca86-->1,1,,,,1
14c05531a9913d6500a22bfed8fddadd-->2,1,,,,2
14c90bc237ce831a110dff95c48e0c8a-->1,1,,,,1
14d785b9382063ba557da3831aa44a21-->3,1,,,,3
14da993173f5f95ed9377f0db015e030-->1,1,,,,1
14e5505993c6f7350a216a3e6927e92a-->6,4,,,,3
14e61bac20113faaf74fbcaf995b7fd7-->1,1,,,,1
14e99610a2a205b16e2387af7e5b2966-->2,1,,,,2
14ea420479e0b3fdb652fc8ebf8d67b7-->2,1,,,,2
14ea5430e425d90c519f7ae81e882569-->6,3,,,,3
14ec6dc24730c9670128f854fcace8d2-->1,1,,,,1
14f7a335edea1f2428158c2c6b4b4da9-->2,1,,,,2
14f84f891451f4e252001e6499025f36-->8,1,,,,8
14f9fdf36dcf5f868457ea84bb04e9b2-->2,1,,,,2
14fcd0f4e3f6f43a358c74a284510792-->3,2,,,,2
14fd9046e163fe5e84768b357e1d5cbb-->3,2,,,,2
14feaf9fdbac199bb25b1cec3d4f1232-->2,1,,,,2
14ffa70ec51d98e5326945566afc4d59-->4,3,,,,2
150998967d09a55175156b922640422a-->6,3,,,,2
150f4717ffd8b3fcd6ba5adff2473f71-->2,1,,,,2
1512a3fe5a9fc7fffca2ba07357cddfa-->3,1,,,,3
1514d6e79a5436e6f8bbc8c91c65405f-->6,3,,,,4
151ee502048f4b83d20a7642fa87cbb4-->1,1,,,,1
1520a9f0eb9fe9593bde6ba03b83c5a6-->6,3,,,,5
1524ac0c8c61cb5f55294c8749ff4856-->2,1,,,,2
1527753177336714a70e1e040683da09-->1,1,,,,1
152c05ff4ba699ce24556c1f9204e6c3-->2,1,,,,2
152e0b99bc3dba3097d4175290dc89ab-->4,3,,,,2
1531286427b0f5b0d979b19c3c788a7a-->3,1,,,,3
153151fb985b5a0fc890a2e0addf51ba-->2,1,,,,2
1533c045b8f9c11786a2cd79c16e8a83-->3,2,,,,2
153595343ad51e4d7a0d8b5d0b94e087-->4,3,,,,2
1537023c3eb67a59520344ee2c063e13-->1,1,,,,1
1538b1994a04118330cef7c30c046bba-->5,4,,,,2
153b47413353b5fee0022d9c444605a9-->2,1,,,,2
-->,,,,,
154157541a22020e2a2667bafaa28f50-->2,1,,,,2
1545a10625da0a30ca06cfe10a8288ca-->3,1,,,,3
1546bd55a174ad5cae468002ed432fb2-->2,1,,,,2
154c9eb8ea53b098f316c6d6b81f3f03-->2,1,,,,2
154e19a0cad1ef93ef5f690a1fa8f7d6-->2,1,,,,2
154f060a8eca496d28af1f62bc2c3e8e-->2,1,,,,2
1550a267d45530c286be7b95cc469311-->5,2,,,,2
155824d9f50cd7ac7468f54ca6e0be14-->3,2,,,,2
155e1a78b0ff0265aa5e1ac06e35d909-->1,1,,,,1
155f95f9ca4fb3d8318273a4de9f1ef2-->2,1,,,,2
15662aa32ca87bb5c7ca22374bfcddd5-->4,3,,,,2
1568fa4fdf444cca18db268f3b1e54eb-->5,1,,,,5
1569f94fe0aaa6a5d9523d00650860d8-->3,1,,,,3
156b5832329cf674155ffddc858b8603-->8,5,,,,4
156dfe24fee06aef936d09daf235338a-->2,1,,,,2
1571cd25341394952841b6b1e3ffe07c-->6,2,,,,3
157c0fce2ea4f47a8fff78d12dd279f7-->1,1,,,,1
15885dd31f4b3139a90d2006cf495f2c-->1,1,,,,1
15891c9e7511a4b68fe04c1216cae6bb-->4,2,,,,3
158a36421392269cc0d718f8e2ddc6e0-->2,1,,,,2
158a4220d7c7c001f31318dae8c68d13-->5,2,,,,4
1591af6290b2064dc06614a39c9354f0-->3,2,,,,2
15923e15de90cc3f0082246853977f74-->8,3,,,,6
15986871d11685a5b1a064b5d5214280-->9,2,,,,8
159c7adb3be70ba5b20feec1b5d83519-->5,4,,,,2
159f4d08c97a96bd329a75ccbb81a11b-->3,2,,,,2
159fdf287e95407e66e968d628d5439e-->2,1,,,,2
15a287d7a59a1475f3b94b21fe70dff7-->23,2,,,,19
15a7a1013f0e4b195f113f90d010b167-->1,1,,,,1
15aecd939e0860a946d4e0ab6242c6fb-->2,1,,,,2
15af1858c63f4b5c8754bd8a1c948ae2-->2,1,,,,2
15b2abb515d5a0ba0db40ba3207bb11e-->5,3,,,,3
15b49629a7354a400535663b76ef7fe7-->3,1,,,,3
15b6c2e2544a30a1542a011802168c69-->1,1,,,,1
15b736db486354eb29467e70bda9f6cb-->5,2,,,,3
15bb5075df1847d487168d73aff4c180-->2,1,,,,2
15bb6bab53f7afcc2d44e7045f3a64ad-->2,1,,,,2
15c11a9c5f7d1e4c2c3e8b061d5af48e-->1,1,,,,1
15cd54b83bd32b1ac33671c355e2616c-->2,1,,,,2
15d08c593338844928c22a0f56f60098-->5,4,,,,4
15d4e5e01654c8464229b4588691338b-->3,2,,,,2
15d7ad7be2edf2216ddc34353e10c4b1-->2,1,,,,2
15d804b0d86a1f121ef96ce02c593f9f-->9,2,,,,8
15ddaabb426ad29f8e9effd367e829ca-->3,2,,,,2
15e43af1632ed0070d7c5150b0aea243-->2,1,,,,2
15e5afd45240fb5d41cb7e9b23a6d655-->2,1,,,,2
15eb0cd15673be4907df27556ffbd5bf-->1,1,,,,1
15efe8777b13617773091a8f6b4401ce-->4,2,,,,2
15f0244f7c56f5831139f30818376cc3-->6,2,,,,5
15f2eb372e4ef6c1fe5a3e4a383c76af-->1,1,,,,1
15f345c3255d8e07ac5541d649be180e-->5,4,,,,2
15f584bfb047525cb784d06f58c4d51b-->7,6,,,,3
15f715a81571eff4b4dcbe9ba54010b1-->6,4,,,,2
160128ff5da3c42f1288e9c438da27d4-->7,4,,1,,3
1602779c1252dfee6e4b35237618570d-->5,3,,,,2
-->,,,,,
16061656682872c686e0212cf3ee3d5e-->2,1,,,,2
160f1df629ea5d4dccdd8af0ff45e84a-->3,1,,,,3
161d7b89be6b22d3beb0d1062f0f2437-->2,1,,,,2
161ff78e526ba2d3710d1a71e7abecdd-->1,1,,,,1
161fffeb3ca6b46d67b06a25ac80ce1e-->2,1,,,,2
16204493860e2f718d19e70870182c59-->2,1,,,,2
1622babe6a377977471afa2b7bf00089-->2,1,,,,2
16246f2dde3125c8ef9dcf8678899db8-->3,1,,,,3
1635007eca91ba22b55a28528928c7e9-->3,2,,,,2
16353558c818fb6d872114c7820593e1-->2,1,,,,2
16389cba85f01f98511a75695f7a9344-->2,1,,,,2
163bbc7760a651b9d835ba4262bef1da-->8,2,,,,6
163c729dbac974d996d4ba3e7ad16e45-->2,1,,,,2
163db3457d14d56e46df70e3f9aaec91-->2,1,,,,2
1641eec660266cf7fd1a4f0fa1a2e77f-->4,2,,,,2
1645ae3db08e32735ecca81be9bbcba5-->3,2,,,,2
1646315a65d7bf07f83191c170de1c7d-->2,1,,,,2
164711eb991e50477ba4f8b202e6a857-->1,1,,,,1
164f49609afc4c3e86ba59172788f45f-->5,2,,,,3
1650fe76ac515439d8b330792b1d2200-->4,3,,,,2
16590b39de7bd76e3300b2681c2519bb-->2,1,,,,2
165b6d99e53069f59bb1b365757b1c1d-->2,1,,,,2
165cd1c2f65f39f8bc9ba81854a352e9-->8,4,,,,4
165f09d97b25e296c76902992c3c74d7-->3,1,,,,3
166239f92af7e924ea7e0c29372efee1-->4,3,,,,2
166778b9b641f49125ffc12e612c0746-->3,1,,,,3
166b50474ead00e27c0b74b3008bef4f-->2,1,,,,2
166d3375d15287e7c2d39d02ba764975-->3,2,,,,2
1678ad115820a77282129e1269425320-->1,1,,,,1
16793648015549d7963ec3a016a1eff7-->5,2,,,,4
167c25ba18c166f1316ee5e751a09076-->2,1,,,,2
16841306494a5a33d242ea724eaba782-->3,2,,,,2
1689e3e89e1ace91b7a9ec0a4d4cdc4f-->3,2,,,,2
168f0edc9a4ba87f3a7f0453e861863f-->5,2,,,,4
16913f2c5f184dcc692c55600fe89a73-->4,3,,,,2
1696a39e09ad24a1e2846c3997cebfb5-->1,1,,,,1
1696cb50b4e64e597dd9b638731b4dce-->2,1,,,,2
1697e932c5962ec3d9265cd03d3abcdc-->2,1,,,,2
16a0e3f6cf80ed5917de68da36774380-->2,1,,,,2
16a32d80248caedef9036ffd39b9bcfc-->2,1,,,,2
16a34ef0a5b5e651c6b3b37479fb72de-->2,1,,,,2
16acbd517abd889fd2d7ed6de679aba2-->3,1,,,,3
16ad074c99804d50d69170ebd5113f6e-->9,5,,,,2
16afa1ea09ee96db8bce8a90b724f076-->8,2,,,,7
16b4af0b75bc338ca34306f0cde6d01f-->7,3,,,,5
16bd67f2c3466debfcb7d4ae77890d2b-->6,5,,,,3
16bee2616e6570d5aa25a29a361d3267-->2,1,,,,2
16c9ae39e10a5397ba6d41eaa06d9fbb-->4,2,,,,4
16ce7692a175d9f46e80319cd81663d6-->2,1,,,,2
16cf8a87ac2a11097fc7f60d6ec51178-->2,1,,,,2
16dd6b8bc24d8760a7ee8f53bde7a459-->6,3,,1,,3
16def876cbd1f399ce9c05fa7f6bd1ea-->7,5,,,,3
16e1edc36325995d5871d4690141e40e-->8,3,,,,5
16e7996aec7c3a1d6645640b9a726813-->2,1,,,,2
16e89922276d15b73a41c65302baa7fc-->3,1,,,,3
-->,,,,,
16ea731acccf104c29e5e53c7c9cb5c3-->18,2,,,,16
16eb3ff008106975f288832104ca9630-->2,1,,,,2
16eee20da4ccd19d62cbcd0f7a170556-->2,1,,,,2
16efea2257131a62a8dfac364f3a4d55-->7,3,,,,6
16f19a2a97d182929bbd476486be14c0-->5,2,,,,4
16f82a2eee5c0b33ee0e195d47214b21-->5,3,,,,3
16faf6980a27b6d179cc87ed33363746-->5,3,,,,3
16fecd0ec8f7524c4d2dc0ba498f9f11-->9,6,,,,4
16fee33db216fc324deb268baf25c5bb-->4,3,,,,2
16ff4c1935cbe6dae2154eb2bd546a4c-->3,1,,,,3
1708a089477ef3e1cabd36c0186ce4ca-->8,3,,,,4
170cb3fbd8eb3d03602c9bba7f64b724-->2,1,,,,2
171376a07c62a89e0d63915eea51a9c0-->2,1,,,,2
1715c5e6c8dd9ec39edd8d8bab943db8-->3,2,,,,2
171942abb41c7766fbcafe0c02631238-->1,1,,,,1
1720622108e34ee6b12cd477adc044e3-->2,1,,,,2
1721dfce03e9f3db80019770f267e2ff-->2,1,,,,2
17267f142f791e452c3bec03366d26d7-->2,1,,,,2
172d509440647792915c3eca273a2547-->5,1,,,,5
1739bcedbf9f3ee4bf2210ff42da314a-->2,1,,,,2
173bc86d23ee167a214e13b0f3481df5-->2,1,,,,2
173fefecb386da294e3437e20db054ca-->8,1,,,,8
17417a488779978e5011cf8d6c30daf0-->5,2,,,,4
174a8653f249f2d83ef573b46e1b38dd-->1,1,,,,1
174c1acc11312f00c3ee59b455ecfe59-->2,1,,,,2
1752a2565069a9430836a76caf52fa57-->3,3,,,,1
175f88fd6a883568a26541cb1296734c-->8,4,,,,4
1760f3624cd4d8c32999cb49ccb2bb83-->2,1,,,,2
17659e191c5894dfa71d16d91268c442-->6,3,,,,4
17665c7aefd405c6e0c54868b9e1e9d0-->1,1,,,,1
176c11ac197b7182e81251604ce5ab7c-->2,1,,,,2
176c2314536dbcfd6863c8c8159fa3de-->1,1,,,,1
1771173ac5c250cd9ca86c2ef408c8aa-->6,2,,,,5
177c08bc925f64fb33e5039aa3700847-->2,1,,,,2
177f8206e46524c8c9743c4d5ce8fb6f-->4,1,,,,4
17846d7ba5480bb5b673a489e6044077-->1,1,,,,1
178689588ae65102e81f502abc9c23b5-->2,1,,,,2
1788219aa31eb802cfab36ea910465a4-->4,1,,,,4
1789edbb18f2de7a369cdfb6d05f3617-->2,1,,,,2
178b3a1bc51affe53c5a55c0982e0a54-->6,3,,,,3
178c36760ad9701c827d454944f1209f-->2,1,,,,2
178f846dc46587eb20d55d60b9db6d01-->6,2,,,,2
17900b003bd2e13a54ae47f4c4c7cd1d-->2,1,,,,2
1790f29064c6b83df8e501c50b41ce2e-->4,2,,,,3
17979df19fea00207f058c5b8b3344c7-->2,1,,,,2
179af084aee7fdf5f513e325ef3b95c8-->4,3,,,,2
179b048afe9ad3b61ae79c75659186bf-->4,2,,,,3
179ba1a32f9d5b8f5f7fd84b9d543c74-->3,1,,,,3
17a44740f8ac928c850f2c494373f4bb-->8,3,,,,5
17b2a94313520b311291930a3c014627-->2,1,,,,2
17b4020c585f4a3dbc4a346ebf3bc54b-->4,2,,,,3
17b644422063f3be12714ff125af3ad7-->2,1,,,,2
17b9e9844a33f8b712d7b6e74b419c71-->5,2,,,,4
17bfd2955ffaeae56965efc312d1b39c-->8,4,,,,4
17c0a98f2c9958bc11a84daf20906f5b-->2,1,,,,2
-->,,,,,
17c4b5e986fab55dac9f42fc64fcaec2-->2,2,,,,2
17c76e99f0d9b6905bcb4d6adc81b874-->4,2,,,,3
17d76897b2155a27c6a003f1eba098e4-->4,3,,,,2
17e546f4e95b4cc68929cf55973105af-->1,1,,,,1
17f3d6e4e3a9fa5cf3e883fb33c5a027-->2,1,,,,2
17f49f48a6df6ca9a38ac380a9c5cd99-->4,3,,,,2
17f4e1f00486de6f5b8694643a88b724-->5,3,,,,3
17f7e9d2ff60fb560ca8b4090e306fc6-->9,5,,,,2
17f8e4d139d7fc7f072eade65403097d-->9,3,,,,5
180571061fdcfe87fadaf27924a30ebb-->5,3,,,,3
180754819d54bbbcfbabecda2cde5e83-->1,1,,,,1
180c5b50b652d603f875954662f4b062-->11,4,,,,5
180eceea27cd0db81bfba15ed35bb766-->11,4,,,,3
182425fa3c1650143d08fb04b5fb732b-->2,1,,,,2
18277e73dfc9a725ebe484593a885a62-->2,1,,,,2
1828c205a23cc89e572d97e394c3ba94-->6,4,,,,2
182c299e93757ff343c5f713f0dc6642-->2,1,,,,2
182cfcc8780a4dc4ca8a67aba890733a-->2,1,,,,2
182efde6691fb1b250bcc04f496fdfa8-->2,1,,,,2
1830ac9e446f39daea75b1dbb641e953-->11,4,,,,6
18318ae2f770b7a35f87fe19381f95b7-->7,6,,,,3
1832c967c9e1621da95afd5ebde131e9-->10,5,,1,,4
1838d84b4f9c38ec7935378c00571b79-->9,3,,,,3
1847fc343585340067288ee33d06c17a-->2,1,,,,2
18567505d9bef0e3df315833f3e99051-->8,3,,,,5
1856c179ae4ef77b1694c6f0efb11514-->2,1,,,,2
186a580765738919388603d5e81c462a-->2,1,,,,2
186b75322c47df2018586aac0afa7240-->4,2,,,,3
186c47a8025780f238bbcd92156ec94d-->4,3,,,,2
186d1567b2526d29fcef6ba7ce324a2b-->3,2,,,,3
18721d1f557b6c8f75ada40711900d3b-->1,1,,,,1
187251518b4886a410dca6f94d162b52-->3,1,,,,3
187947e0d1faabe1835fe108a803c0df-->2,1,,,,2
187cb6f68cef573db6ffa567c618a4b7-->2,1,,,,2
18813c2258e6e0cd36dd646bba81913f-->4,3,,,,2
1881643e22c16bf2a069bf2b768b73f3-->3,2,,,,2
1885055f9cefbbf9f8108303087944b7-->4,2,,,,3
188ab9a79f0616c7a7969a56623c6269-->2,1,,,,2
188e596d66087c96f7083a3d348130e9-->2,1,,,,2
188f6776a8641b443974cdb05b819cdd-->3,2,,,,2
18918dae3fe72a09a825486ed743c4ff-->8,2,,,,7
1892b54f43ceb6b331fa43af24ed79a5-->4,2,,,,3
18937da813598e69fa92be0989e50704-->2,1,,,,2
189642279276b0b7687fa6728b661808-->1,1,,,,1
18971b4f85697bf73feac989a7c82638-->2,1,,,,2
18a9cddbe569a3e0dcc5a2c165a9f458-->2,1,,,,2
18add69b8dc8048e463c42115ee4aa3b-->4,2,,,,3
18af6279ff373bb9d05f6693eb33d125-->5,4,,,,2
18afbfaa17d9dc2360ac15dd9372f5b7-->6,4,,,,2
18ba4b89a133dd9b10277267d2807103-->4,2,,,,3
18bb32598966112a57d614779dfd6bb9-->2,1,,,,2
18e03eed65d1fe37c7ebd333502dcba6-->10,5,,,,6
18e58a53d593d04fc046cac4b93367db-->2,1,,,,2
18ea802ec50bdc65c89ea85c1695a183-->4,2,,,,3
18eb4eebbfbe4e9ed2111fd6c0d88f66-->2,1,,,,2
-->,,,,,
18eebf4841c12ab500724a32606d96b5-->2,1,,,,2
18f517d738ddff26271e1344b4b48edf-->3,2,,,,2
18fc39270b388d3f510919a32e64e3b6-->6,1,,,,6
18fc98c96e83aa8052bc983447dd8490-->1,1,,,,1
18fcfb2c8f7bcb526fb18f2b22cd7ddc-->3,1,,,,3
1903a5b5090d6f0d57939d334f0e822b-->6,3,,,,3
190e12a5b4eda93bde6654cff4fed9aa-->10,5,,,,4
1910336a40fead4da6d7cc5be5a9f5db-->2,1,,,,2
191cdcb04900b232a45231fd75e51127-->6,3,,,,2
192383425858bbf890a46b36eee181b1-->2,1,,,,2
1925545c31a18052a05e3f92ea7bc13e-->3,1,,,,3
193036379fc65d0bd3d0a7dceda39fc0-->2,1,,,,2
19312d02236d69bed76a611cdfb7f7d9-->8,3,,,,6
193bf2193622b07cc1eac085303a7ea3-->2,1,,,,2
1949b1b024a1dec822c03a316d667966-->2,1,,,,2
1955551a0fa29d9c2c6977597cb7b1dc-->2,1,,,,2
1960a071b188caba1c7c81542b6ed767-->2,1,,,,2
1965de21ec214a6a3363b3ae2f069ed4-->2,1,,,,2
196c42b188af41d7a78f97f140944ccf-->2,1,,,,2
196ec266399f2eb7d606ba53098cc92a-->3,1,,,,3
197cdecf5a8327c697d14ff6d4cc53eb-->4,2,,,,2
197efa5b39481f9cf66c3087ef44370f-->10,2,,,,2
198006239bb567a761d6995d80ecff13-->2,1,,,,2
19859c1e1079a722574607670ccf3212-->2,1,,,,2
1992137304e2bbb8ad7160d900bf48d3-->3,1,,,,3
199259905d52817ce6f6ed9129e8362c-->1,1,,,,1
19a57722c4b06ad1d70b417b278524d6-->3,2,,,,2
19a691023578240aba52aa9fd4349141-->2,1,,,,2
19a9d2c0eecf2577c10fd04f2499cfe3-->2,1,,,,2
19ac0c6f6154e7d100320e2e42c41f4b-->2,2,,,,1
19ac7b1770471a75746027c75603df47-->2,1,,,,2
19af74d953d92eb1f3f483d6a91c72e1-->1,1,,,,1
19b34d6df6a2dd770dd5e33f1aed64be-->2,1,,,,2
19bac7e28f74bae85e83b9e49b708bf0-->2,1,,,,2
19bc8b219b7c6288c880867d365d0422-->2,1,,,,2
19bf90f1ebcef73865e10c4b41dd8771-->6,2,,,,3
19c0a3c87cee40058b000576a1b3ef58-->2,1,,,,2
19c1c239c7f207c7bc1098df20e57873-->1,1,,,,1
19c8b33c82a673396764dac82ae4c18a-->2,1,,,,2
19c92f61627888d21739c9cbe79d919f-->2,1,,,,2
19cd42713c62f7a630c034445252005f-->3,2,,,,2
19ce200e35f6cb50bb8cfec0cfa96aab-->3,1,,,,3
19d5c61664a848830e5afe5918c6f7e2-->6,4,,,,4
19d78f2b8789ed26f00ed634f03ec8c8-->4,1,,,,4
19d825e87d346e640965b10d063b403b-->22,5,,,,12
19dd4abe968b86771e86573676c1000f-->2,1,,,,2
19e47b1d4728892c8861756ef0fbd880-->2,1,,,,2
19e5b3d80d8458a9774fb74be3236c21-->6,2,,,,5
19ee220b43cd0c2b0d35ea029fa513a4-->2,1,,,,2
19f3d9c3e410317b23c9e0e6eacceb78-->3,1,,,,3
19fe5100ef2ecfb88836e3cf3d1b91eb-->5,2,,,,4
19feeefdb3848622e68fc3534cbc3ea5-->8,2,,,,7
1a003884683517a07eb66fac32105a22-->16,4,,1,,13
1a075519d45df59081a18c77ac54ed11-->3,1,,,,3
1a14566d2ebba962f5ed7969a03507ef-->3,1,,,,3
-->,,,,,
1a1538267cfd70b3e7352369414e2411-->2,1,,,,2
1a15b2843c935be8f34c7206fb2211f1-->6,4,,,,3
1a1aec718eb9eb37bb9030fcb73a3819-->1,1,,,,1
1a1d5375a65c819ab46d57f4ed310c94-->9,4,,,,5
1a241bc6276c986199b5e34f73008299-->1,1,,,,1
1a252630b89062714480c9de14a12fb7-->2,1,,,,2
1a25370cc39510ad895709a357bdbb79-->2,1,,,,2
1a282e94723b1997b951b2fc0bd00cc6-->10,2,,,,7
1a3dfe1545e737ea49a45be4e39b686e-->4,1,,,,4
1a3ecde80b8323c6b5f9d6477cd5d0e9-->2,1,,,,2
1a3ffe1a1bbbe8942bac643579523829-->2,1,,,,2
1a40be59ed97992faec3906ef6a262c6-->1,1,,,,1
1a44dcb459706b46366b63f152fe0c73-->4,2,,,,3
1a478a74e5168c7cd75dd45ed4ca77c8-->5,1,,,,5
1a5558bedd482b67322a0821aedf28ef-->2,1,,,,2
1a5e6ac5e2a27adbd18f45aed8a255f4-->2,1,,,,2
1a5e72b40d45976f1eddaf3834135c54-->3,2,,,,2
1a5f2cfadbc0fb0dc1816136f5fde7c3-->2,1,,,,2
1a61f70cbbed2f9fc71888a6b3c98689-->3,1,,,,3
1a64e7e3c1d494c2cbf0878a07b82f3c-->2,1,,,,2
1a666d5b770d17fab1efea6aac97e142-->2,1,,,,2
1a68238e3f24cd2e30c5e8c3452e5fb8-->5,1,,,,5
1a69d09f3db27931d030bcb0b023caaf-->3,1,,,,3
1a6c9cb9d7a41db103212717bb4caa12-->3,1,,,,3
1a76f02758c126c6dc2a7f175922cd8a-->3,2,,,,2
1a847080f657f380c5617b08459603f2-->5,3,,,,2
1a8964041f056ae0c673b9065018d66a-->4,3,,,,2
1a8f12da1b7c8d78befc1592938f9ebd-->8,2,,,,6
1a8f20b73391b73ad08f2a2c424b3a11-->2,1,,,,2
1a96f475a896908399016661cdb80a5c-->3,1,,,,3
1a9753cf197c3584ea257aa6790eabab-->2,1,,,,2
1a992318bcef1047e6f7ed48e39eb88d-->2,1,,,,2
1a9a2a4f8a7e7117293c8dad7514cff8-->3,2,,,,3
1a9cae6362ad3a268b02d2be9c88fa5c-->5,2,,,,4
1aa463d5804174fe9e561522f832e5b0-->2,1,,,,2
1aaa03f729ca7d7df794aefcc7533580-->4,2,,,,3
1ab2e80ad2c73abb19ab736bb65a5c76-->2,1,,,,2
1abe2575e04112c5c280e8fd289ebda1-->4,2,,,,3
1abe5d9386e86e0c47fdeec021dd96d8-->3,1,,,,3
1ac620281ce51d935632c3b48665e6e5-->4,2,,,,3
1ad5f3473246cef641cf10860445dd18-->2,2,,,,1
1ad6339f40106aeddd6111a25d1e9e01-->15,2,,,,11
1ae02fa09117d0b080ed5cc988a106ce-->5,1,,,,5
1ae0b581b7679181ec5f961412a1c2cd-->7,2,,,,5
1ae0bcf033726d64345bf4ba171d6bf4-->2,1,,,,2
1aea4d7702b0eb8da1bb9d50bd201a59-->2,1,,,,2
1aee231d6d6aca0292c78029496aecd1-->2,1,,,,2
1af2f45cada7e25b4c5dbed14f373f10-->3,2,,,,2
1af39a8af4fd98ed7f447f8b7cff23ee-->5,2,,,,5
1afb5369145338c8bafd46092a298839-->3,1,,,,3
1afc2124864a52d886b0c6a5014d4588-->2,1,,,,2
1aff588dcfbfb7c3507db95aa3affdb9-->6,1,,,,6
1b0524346a9d8e60075bcf39ab61bbaa-->6,2,,,,4
1b0545106ee441670c2d33d093d416e1-->4,3,,,,2
1b0671aedce5de48dc3159b2d49e34f8-->6,4,,,,3
-->,,,,,
1b0907297e42d55e252ac0a46db350bb-->9,3,,,,6
1b0bb9a6541424d2946783748a47901e-->2,1,,,,2
1b0cda4aa16101807353711da3ae131e-->3,2,,,,2
1b10732f27970cdb5062ca4134894e06-->4,1,,,,4
1b1a6fa914c55c3fe8132b273955ca45-->2,1,,,,2
1b1e64a598bbba6dc41b86834caf1a42-->2,1,,,,2
1b1ed4607ddbfe69b01a3b963f30d01d-->2,1,,,,2
1b20420596a497269c1376a308f57792-->3,2,,,,2
1b2179c7cd11432e25a7dbfad258a1e6-->3,1,,,,3
1b2222cb45e196618add3ef768818d60-->2,1,,,,2
1b27372abf667c49cb1fb85bf2e4abc2-->3,2,,,,2
1b3a1b9bb3ac064f426f997b438e3a8e-->1,1,,,,1
1b44133dabb8ca9eb5b230e42451427a-->4,3,,,,2
1b4629ab2045e3a0316f913f0752587e-->1,1,,,,1
1b469969a74128e48f442f4d458c0e63-->2,1,,,,2
1b46af8364b237d849096ba14c59746f-->2,1,,,,2
1b4bdcf60ed624a05402202bef81aae9-->2,1,,,,2
1b546e7df21a7b7aa3f06224a9f1e22e-->4,3,,,,2
1b56ac5513104b272efe870dd065f43c-->4,2,,,,3
1b5f592a10b9c9f44e5f350ac9c3bfb1-->9,3,,,,5
1b62475bd2d8c23844f44550d40121f1-->3,2,,,,2
1b63d5802d9c9fbc953b8fbb4625312b-->2,1,,,,2
1b6908e9d55167dd2232a1affcfa3f09-->2,1,,,,2
1b6eeef60715298af2eca0dbed99c22c-->3,2,,,,2
1b739e79a6b7fc2e4014e3524087281a-->5,3,,,,2
1b7e16e86a2752c0c58ef5872ca21f09-->2,1,,,,2
1b7ef0e4304c8acddee1c10d19ed67ea-->2,1,,,,2
1b8ae59d92c1fa78a1fd5800701be9d2-->2,1,,,,2
1b8ebcc88b4a472e03a0b2bdb32ae4cb-->2,1,,,,2
1b8ecdba107ba9d0fed01ea0e11f0679-->2,1,,,,2
1b97393d3c8f36a0e414669e4392885f-->2,1,,,,2
1b98351ddacd8d1c079267c20488ac97-->2,1,,,,2
1ba30e7daccca82ffecfc87a1e5481e1-->5,4,,,,2
1ba323e72b7db61cd273017e99c24ee0-->2,1,,,,2
1baef4597a05634af3717cd06b731e5c-->2,1,,,,2
1baf6dc1a7018d1330ec6c0b9f9e0d85-->2,1,,,,2
1bb65a6ef0a4ecf11ca33748e75e7bb7-->10,4,,,,6
1bbafedeff00a54a1fb951786e0c314d-->2,1,,,,2
1bbc309eebce786c5202d67b7f460eb7-->8,3,,,,4
1bbf9b9366f6a4294c93467f7e9795e5-->2,1,,,,2
1bc1456b83c32492f96a8fd99c68a64c-->2,1,,,,2
1bcdb8897be7cff09c4be274b5ef7a0e-->5,4,,,,2
1bce55382aa34c5a4b9ba98e125c54ba-->3,1,,,,3
1bceb7c4d76438ce48b287b44a5cb118-->2,1,,,,2
1bceb9b93d5199674e49cc5c5846d551-->2,1,,,,2
1bd18fd907f0f85b023ff0b215f41093-->2,1,,,,2
1bdbf8bbeaa906739bffc89cc1d9d993-->2,1,,,,2
1bdd1f46b8e0b0b7c2c922355fd2e558-->3,1,,,,3
1bdd5762306263496b5e8b6f45636ee0-->2,1,,,,2
1be03f65696303492e16fa6e206631e2-->2,1,,,,2
1be5755b6d47458dee8bd11e7b5fa078-->2,1,,,,2
1be624856601084756f2a9c855ee34c2-->2,1,,,,2
1be960bc351280a63d6341795fba50ba-->3,1,,,,3
1bfb251348c018f9fb42441f9579a142-->8,4,,,,3
1bfe5b53c75434f5a57298418c33ad6e-->1,1,,,,1
-->,,,,,
1c01c8d7c88467b1effeb0b4b72071f5-->2,1,,,,2
1c02b84ca7a2b21428b6998a278b66ae-->1,1,,,,1
1c0a843b25b1c6e01708784b7de21a12-->2,1,,,,2
1c194271e5cdfadd1aecba4c00b5598b-->5,3,,,,3
1c1c3bf87e905c80f1b265448467ca33-->4,3,,,,2
1c1e82ea4a0a1d4290069dc64503ae21-->4,1,,,,4
1c1ee69a232fa518d2cdc01c438bb17d-->11,4,,,,5
1c243c560246640ae8078b920ab28921-->7,2,,,,6
1c24a6bfad9185ac377705d0192f35b9-->4,2,,,,4
1c28cc2b990d94d05de8ca81ecaa4ed3-->3,1,,,,3
1c3d254530ea11c0be17ec0b11918c3f-->3,1,,,,3
1c449fd3bd0f0995a6829d65c5c9ba7c-->4,3,,,,2
1c46ab9932330e5d2560ff3ce57edd63-->1,1,,,,1
1c4c1ec1c9c8686a28836e3fd1ffcd42-->14,4,,,,12
1c53bc45e4bf06cc829556c1885856c1-->1,1,,,,1
1c5789885cf1e939e103a0a86479a54c-->5,4,,,,2
1c5940f465a1837e25689e5d40bdbbe6-->2,1,,,,2
1c64caa52a06ea71184f4024b38c9345-->2,1,,,,2
1c64e64b1afaa3217b98d58a443208eb-->2,1,,,,2
1c69094a4fc52ee818596e4d66457e27-->2,1,,,,2
1c7add5b3b43137e666276ea56dfcd0a-->7,4,,1,,4
1c891e78647145475938a906d8e2dd46-->3,1,,,,3
1c9e2a62f58a5e158ab9f4661ac884dc-->2,1,,,,2
1ca1f1aa3527bef2ab1341a32d7ed6b1-->2,1,,,,2
1cb455c41a06b1df0bfe4d55a71a104d-->2,1,,,,2
1cb80e0abf6ab5a45f85d7c59a0e464c-->2,1,,,,2
1cc696735f69a8d75319964308818999-->2,1,,,,2
1cc9b2e68bb843275d2e1fc19b47ec6a-->2,1,,,,2
1cca58f0235e05a60e79cbc2b7d04a45-->3,2,,,,2
1cca63c5694cebc7c8bfddce807eb236-->3,1,,,,3
1cd854e81768bbccf5d46025e3fa629f-->2,1,,,,2
1ce10af82790301c64c9f3dd622e8e54-->6,3,,,,3
1ce226c6fc4ea27fd66df3e4c635875d-->3,1,,,,3
1ce9732fa9850b25ec4c8e3bf215dfd3-->6,3,,,,2
1cf6aeb4c5461543f6ca4e2a879b3ece-->4,2,,,,2
1cfab3cd1207e6335951f54e2677e260-->2,1,,,,2
1d02180ef012118d2929d21678c5df56-->2,1,,,,2
1d02476b3dc43ff5662e2edda398af63-->4,3,,,,2
1d05de845c9b4d155db519f78a59aca1-->4,4,,,,1
1d074b394787165ffb7e93d864f7ff1c-->2,1,,,,2
1d07c4bc47f56f3c8f7ac2aa3d7a8c51-->3,2,,,,2
1d1012b5207c50c444d5438d27e7ce4c-->2,1,,,,2
1d1d16d832ff90c77b49da3810de9421-->2,1,,,,2
1d1fd4a0c33216e3985f9f5f1dcb5c55-->2,1,,,,2
1d2782e98f621337905b66278cd4274f-->1,1,,,,1
1d2872953d09f0e79884e2ae5c5643cf-->7,4,,,,3
1d292cb943cc1fec3793035d95ff0b13-->2,1,,,,2
1d2abb1ace95e07fccd71179c180b848-->4,2,,,,3
1d2e26b65f9409b1c4d81db0e714d3d2-->5,2,,,,4
1d301a61ad633195dbfcfc87862a4f3d-->3,1,,,,3
1d3281867528e738793e25d0e71e1681-->7,4,,,,4
1d34abee1e80856ac335552c21e70eda-->2,1,,,,2
1d3b7b3bdc125d2789a250f8e1db7eb7-->3,2,,,,2
1d3fb1aac48732e64fb55e5eaadd9aaf-->2,1,,,,2
1d45e818c017a341936b861745ddea3d-->2,1,,,,2
-->,,,,,
1d4943b883bc07a5b885af06582a46aa-->2,1,,,,2
1d4cc614a925eae99c2c5d8ba9936c45-->6,4,,,,3
1d5fe8a4e16673253679dea02f7ca775-->5,2,,,,3
1d61fabc6ce5771001d3d411375f583e-->2,1,,,,2
1d640a3404f8df0204841e7cc6acba7a-->2,1,,,,2
1d6679eecf3aec8dbbcf85bec145734b-->2,1,,,,2
1d6c2ec9eb385247199b296dcf1a465f-->1,1,,,,1
1d705873c0bf78029dfb98ba4f8bf2b2-->5,2,,,,4
1d720a656e2e3fec9d8c1c2015415346-->2,1,,,,2
1d78a288cb0c37fd22ffe517ddc758ce-->3,2,,,,2
1d78c923fcacd383d92c9c25a6333c54-->2,1,,,,2
1d7b56500ff1ce3f13a746fd7c95fcd7-->2,1,,,,2
1d7e2f935d6fca984b298f376df3af10-->8,4,,,,2
1d85e89264878faa6507b71a7ceaaf81-->2,1,,,,2
1d87351f715a7d68118db65962c2a09c-->8,2,,,,8
1d878cf4effa8baede3cc8442a1b914d-->3,1,,,,3
1d89509b2df57b2a62e5e564590a8861-->4,3,,,,2
1d8be0081bd833c0b59b48b0c0f89de6-->2,1,,,,2
1d90957eaa9d8c7d8918993353a965eb-->2,1,,,,2
1d97153e5f1493c04fffa4a6b16729dd-->4,3,,,,2
1da17a7ca72faf07fbf8b6c4ca310da1-->3,2,,,,2
1da2362ad317655bcf62646d8ae8f452-->2,1,,,,2
1da2bf5de0a131e7ec4608e764ecc754-->1,1,,,,1
1da760c5c3eb637277ce90020ac4d86e-->3,2,,,,2
1db67eb8a5d2fa879b018dd3b1b5af67-->3,2,,,,3
1dba98abb5312d58021587b2dd386141-->2,1,,,,2
1dbabdad8494499bcb9f754c4a72d79a-->5,2,,,,4
1dbcafa999a05f55f05389244b5d9f7d-->2,1,,,,2
1dc335e0c2ad8b2e3d374577d18b96d5-->5,3,,,,2
1dcf0e0185c1317d44ff36d06eb344ac-->2,1,,,,2
1dd05fbed153bc6747af13e08e947988-->2,1,,,,2
1ddfcd7497d8bcb3589d83cf661fe7f8-->2,1,,,,2
1de07096b043908d53061ab808e54744-->13,2,,,,10
1de4e403f082044cf7513960d4054a27-->4,3,,,,2
1de5a527fc1c52ef45789a517b86f78f-->1,1,,,,1
1de97109af7ad263a1fca6e3499d9142-->14,1,,,,14
1dea701457403e58cb753f8c58ed9b60-->7,4,,,,4
1deb53f7d729e3f002211f3c7ed2bb0f-->2,1,,,,2
1dec0141c3ac7ae37196cb4814de28fa-->7,2,,,,6
1deeb446d405062a1d18306a91dfc763-->2,1,,,,2
1df25d78d2da5dcb9fc92daac94221c1-->5,1,,,,5
1df984ef0f44a0101cc45fcfa7372ced-->2,1,,,,2
1dffcf647e986238ff10c1b85a70e2c2-->10,2,,,,9
1e018145d2a7b12441c9e5d1fa3bef98-->2,1,,,,2
1e04faf9d17b4c2641f719fd349e5147-->2,1,,,,2
1e0710bc9af159e5d45d4ab99bcf4843-->4,1,,,,4
1e082767ab43540794e291f965820685-->8,4,,,,3
1e084d9ef7eaa995753dff77fa3cbc47-->3,1,,,,3
1e08bf0f651be3b999cf7132a486f046-->5,1,,,,5
1e1898a81f68905971bbaf0c5a362fa7-->4,3,,,,2
1e18c11d3e302211e810429e9d720d3e-->1,1,,,,1
1e22a47e9c261e7c726ffa364aeafafb-->1,1,,,,1
1e275a497bc440cc8ec146a3c35124aa-->10,3,,,,6
1e2fb35df4c751ed4a88558b0ef58e58-->5,2,,,,4
1e3583c2edc3b9570c902e53e8fc56fe-->2,1,,,,2
-->,,,,,
1e359c67668c7416c975ccff5f7fd0c7-->16,2,,,,13
1e37f95445d4ac6e063f7d92267a973d-->10,4,,,,5
1e38fb3dd071ca7e85d4e39d0aa2e80b-->3,2,,,,2
1e3cb389272067316dc7663a6c5da89f-->2,1,,,,2
1e40a96a6a7bf607ca785c85c6e531c0-->2,1,,,,2
1e412ae33a1c50547412b6c2aed1b579-->3,1,,,,3
1e4ab846802367c6db6ef5790a2f727b-->4,2,,,,3
1e4ac914c809e47e0e9ce34917add54b-->2,1,,,,2
1e4f23740406ada4dc26a7b490b40f8c-->2,1,,,,2
1e4f8544e234e4be043eec3e21394439-->8,4,,,,5
1e524b9fc4700e0c36e5a09e7c3cc8bc-->4,3,,,,2
1e542c7ddf886106a0596586f3741806-->2,1,,,,2
1e5559609850686c93316120586d5c4f-->2,1,,,,2
1e55866038b73981da5873135f3260a1-->2,1,,,,2
1e5fcdfc51d65c4fb37a4a9ae995e2cb-->5,4,,,,3
1e69467c5d924892b658fddba58f15e4-->1,1,,,,1
1e762d9697d91045f9e3fb2a9c74189c-->2,1,,,,2
1e7c6785d5c53f315ea866ad361de550-->7,4,,,,2
1e7ee2b4d8cafe6daa4bdff456d3b447-->2,1,,,,2
1e8aa93d267a756f3b066bc30a9e6aa8-->4,2,,,,3
1e93e47cfd07cbbf9e99379c26858e5a-->6,4,,,,2
1e9fd17d42db09915bbc508cfaa42691-->2,1,,,,2
1ea4a876ef36e4e81fbb32522d5dc4ff-->7,4,,,,3
1eab5510fe204ec0371edaff9c155cb5-->3,1,,,,3
1eacbfa88abef73d778c41d15b5650d6-->5,2,,,,4
1eba23e915ebbaee71022a64995374da-->5,1,,,,5
1ebee31ee6b9f01f6680ee3de610c303-->6,2,,,,5
1ec31177f61cb841c220e9be4ae180b0-->2,1,,,,2
1ec340d9ccf4bb8fde3dbd35267ea433-->2,1,,,,2
1ec3f056c420ab8b61d075969be63a44-->19,6,,,,14
1ec77232ef1f6d7d8e9d7036e52ad412-->2,1,,,,2
1ec7aacb2a8d0433729216496ea25f62-->1,1,,,,1
1ec97cdc0fddee902218acc00bd26194-->2,1,,,,2
1ecf64a17bffa2b9fc936c98f711db28-->2,1,,,,2
1ecf9258136072c806add0f73b56d284-->3,2,,,,2
1ed0fa1b4fb0fa0d08f8bcb93207f749-->10,2,,,,6
1eda25d9c6ed289aadf682de6ddba1da-->2,1,,,,2
1edabaf0279eb412434bbc23f1b0e2b6-->2,1,,,,2
1ee34e9b708834f496b67796a20b8513-->7,3,,,,3
1ee795b204614c90c25c5d5ac12f4bbd-->2,1,,,,2
1eed28e55831850a5401b312339ef710-->1,1,,,,1
1ef3757eb80b512174b86fbbb21fda68-->2,1,,,,2
1ef4d321465f6f2b499e0fd6d7bfc043-->6,3,,,,4
1ef808878db19d86c0f73b3faab44573-->3,2,,,,2
1ef85e887fcefbc154152da1eea98a2e-->1,1,,,,1
1efaf8f7627c5df2829f1c1e73b91284-->2,1,,,,2
1f013a19f7963533f4ec321eb305a7d6-->7,3,,,,2
1f0870fc614854decabfda0bfecd6ffa-->2,1,,,,2
1f10c0e94d4e3f802a269c64e8f03415-->2,1,,,,2
1f19d1a14389f9dad68e247d065c031c-->5,2,,,,4
1f1c748f3481a53ac46b48485013550b-->5,3,,,,3
1f1f25551234efdfd6d4e2058745e17b-->2,1,,,,2
1f2280c0365ae39dbe644975d72b48f9-->5,2,,,,4
1f29b4200d34e3bd9d1f3cd46deb98e0-->5,2,,,,3
1f39a1dec204632a5e050151445a1dd5-->5,2,,,,4
-->,,,,,
1f3e498fbc10087a66e1c078ca699f00-->4,2,,,,2
1f42ad4643558a9d67c9e3ae5864c871-->4,3,,,,2
1f42fee551f43ec1877c9e8b4c09bf5f-->2,1,,,,2
1f470ea1bb8cf8e9bfc2162947938df4-->6,2,,,,3
1f58ebc3bfb8abf9407ce7f73b435073-->3,2,,,,2
1f5a3c21a90495325fbe117a0f296474-->2,1,,,,2
1f6156478108508140cccc5399da2c01-->2,1,,,,2
1f65d25e24eb62acda2c141ba84a3ff9-->2,1,,,,2
1f65f07427eb01f113260c0f23db3f0d-->1,1,,,,1
1f675fd46c8f37e4551b50c1346c3b84-->3,1,,,,3
1f6fed1a165a631b15847df3215e500b-->2,1,,,,2
1f70fb53164dfd66a4cf02542416a44f-->1,1,,,,1
1f7d6338c09e3433a52f1bf57dc98c08-->5,3,,,,3
1f90484f233cff94d2351a17f5b594d5-->2,1,,,,2
1f949845638166cf65ca8845d5f9a4e6-->9,4,,,,7
1f96ce66fc7a03dde8c2b2c3e1a9bc23-->3,1,,,,3
1f992eb2fcd2713a398a36bcf7b44b8a-->2,1,,,,2
1f9efbd8b0b4076aff13b082297567f4-->3,1,,,,3
1f9f2d610d17ad3bf5e07b2a47395d26-->6,4,,,,2
1fa0b0520fbce9135920634046dc116f-->1,1,,,,1
1fa17c770d23da34cd47585b88c12fa2-->1,1,,,,1
1fa817cde75cabbe0ad793e1c7021f23-->5,3,,,,2
1fadf05d0288d78cbdc47f7babea5d8c-->2,1,,,,2
1faed4669e03bf8c0b56992951bba3b6-->2,1,,,,2
1fafee136df4646cb334cbb4364f8b2f-->2,1,,,,2
1fb1b5b088b6295e89237d168c9b71b0-->2,1,,,,2
1fb2c3525ad168b83baf6c1a71b9b292-->3,1,,,,3
1fd8070e69edc99555b58df4904e384d-->2,1,,,,2
1fd89ded95e61ae82df912d1c3355401-->1,1,,,,1
1fe028174b643e8e60fcba5d6e1ca261-->5,2,,,,5
1fe57ef6e4a93afe3059957e3ca5cb28-->15,2,,,,14
1fe74b6264d3ebf116f63b7293157b2c-->2,1,,,,2
1ff195fe8f1ea844d8ed40ab7b0e3a3c-->4,2,,,,3
1ff78ee005e391665df059dd096949aa-->2,1,,,,2
1ff8d3643d597beca12b0b76558ebdff-->1,1,,,,1
1ffcb85d8093828042c5a6eefb9bcde3-->2,1,,,,2
20062d80f05f2419c627e579edc05840-->3,1,,,,3
20074df8f131c52a5c2e123d0dcd25b6-->11,2,,,,9
2010966d126c82ce1e52d2f2cd9245c6-->2,1,,,,2
201356156389eb5c762a2db26d28d078-->12,6,,,,2
20158ebe6cd77910d7fad9c35afa0d88-->8,3,,,,4
2016ce3900603684576567f7e673c85e-->3,1,,,,3
2018e395babfc3948ff699880ee9dfae-->2,1,,,,2
2020750690e2c31fd529619bbf533a00-->2,1,,,,2
202640a465a69d3597c0799a3bd0e4d8-->2,1,,,,2
2026e9b27d221971e32d0c1f23ba7991-->4,3,,,,2
2028e121ccfdad0053100db1fb86d530-->3,2,,,,2
2034b85d2e7b07e15cac633779c85b92-->2,1,,,,2
203aaf243c38ebc7d259418a3a598749-->4,1,,,,4
203d0a7c5f67667aa6e50142ec0a6112-->2,1,,,,2
203d64a5dca228d16a3836ab05ccdfc1-->9,3,,,,6
203d68378f7c5cb0a78c047870bef9db-->2,1,,,,2
204753270e08cc15a72de6dda3e7273a-->2,1,,,,2
204c7fa0b7b48b74c180ee4e3c00f64a-->2,1,,,,2
204f56c24accdf63464ec74289be147a-->7,2,,,,6
-->,,,,,
20527073e99156e44b4122ff9043c93e-->1,1,,,,1
205493e00eb5c84966bb0e02425fb1a6-->13,5,,,,5
2057873038dc709b3d7ac6b92b9aa30a-->3,2,,,,2
205b79c3beefc8777bf2611808903052-->4,2,,,,4
2061408e0d02a1f05c96b36b8fb9891d-->2,1,,,,2
206aa70e4e4f3b3e41507ef55959ca55-->9,4,,,,5
207e6432c571d86276a69cd647d06b30-->6,1,,,,6
2087541e83a04bc6231f0ed32667e0c9-->2,1,,,,2
2087e0596083b56708590909dda6c2d7-->6,4,,,,3
20887c3bbb830800d29b18b9ec1a1b6d-->4,1,,,,4
209683676fd0f0429f07941839c42530-->2,1,,,,2
2096993e8a631b2fda4b5455ba8a2407-->3,1,,,,3
20976947de38df9ff6ea4e6fdf43d3d6-->14,7,,1,,6
2097f96ee235641c3d6980be6897b844-->2,1,,,,2
209dac7efd8db3ec05238bf25bb14d4a-->1,1,,,,1
209f2da4f32ed01cbbc9443b2cc18c05-->2,1,,,,2
20a08e4c516947ae1433d73e00667c6a-->1,1,,,,1
20a32a5b2f1eacbede37647ea9858b79-->3,1,,,,3
20a349a2c3d8f111f71c733f7902282d-->2,1,,,,2
20a3c641e29d46850ca00704d80456ea-->2,1,,,,2
20a44ff9f25b0c885c6436ed58df2ba7-->4,1,,,,4
20aa777a05a36418a8b966dbc92060f7-->5,2,,,,4
20ad7a5903d5939a0b368efe8c32542f-->3,2,,,,2
20af38758a77eccec49156a6b85333da-->4,3,,,,2
20b401a6a2ea32763495c7cee6e1d755-->3,2,,,,2
20bc1d15579b1ba0d5d7ab798364d565-->3,1,,,,3
20bcd170737f1404c784fcfaaa6196e3-->2,1,,,,2
20bce2b171d358d8167dbf4e6ccce575-->2,1,,,,2
20c1280d11f386ccb61befb2bb5e0f2c-->3,1,,,,3
20c3ba47419dc07423f6c2cc29d9377f-->1,1,,,,1
20d18d23ebdd1fd997ab1eed608608d8-->4,2,,,,3
20d53a7da868e9080f0d8db1e9668e6a-->4,3,,,,2
20d5a6321475ba0fc1eecd1a6050e6d6-->6,2,,,,5
20d8b09cdfc300b824fe4a50cf9ff71d-->9,3,,,,5
20dd50032c7569f552372956b46fc964-->4,3,,,,2
20de458a807740239de28510e8fc8db4-->2,1,,,,2
20de9891227f32ee2ddcb98bc3c554bd-->7,4,,,,2
20e9656ce8785ae6911ee577c1667313-->2,1,,,,2
20ea34976fe059107deb49be0e942772-->1,1,,,,1
20f347a2f64fc1ba2215bf5fab7bf9fc-->4,2,,,,3
2101fbf9b7453cccae58d5363a5023d4-->3,2,,,,2
210337230f3071cf08922ed9cc8286f5-->3,1,,,,3
210451b97bcaaa74978b038f4da32ce7-->7,3,,,,5
21098ae49c5fa20cc5e48b56b43b0cf4-->2,1,,,,2
2109fd196da0dcf752765dfb94f0948d-->2,1,,,,2
2111419f40c7179efa2892309b2c7c77-->8,3,,,,4
2113bd0055ef46936c4868c617e0a058-->2,1,,,,2
211d3219f6308a4d9ab33566aa4588a2-->2,1,,,,2
2124e6243ff593e88c050eac18bc1ed4-->1,1,,,,1
212947ae765ed2c585a36980aca8bd5c-->3,2,,,,2
212a04e0b8cb0f3dc1ab48eaa4e0b51c-->6,4,,,,2
212aef625f91c62406b0801b67001619-->5,1,,,,5
212e336438a2ce1034d129d7df7e8b68-->4,2,,,,3
21302ff20ac6a4c3dbc891142264a2e0-->1,1,,,,1
2142648f0689bacf368726e074028ac4-->5,3,,,,3
-->,,,,,
214713f6c45b573e4dc4ab75affc99ab-->5,4,,,,3
2148e7a0b4242e38510588526fe717ae-->3,1,,,,3
214c4dba044afd8fe71acf7ebfd9d1aa-->2,1,,,,2
214f95867467a2fdf200574ffabe2f72-->3,1,,,,3
215142a410ffd76b21ec83449783ad4e-->2,1,,,,2
216159b843e112d6af797449e725e2ec-->3,2,,,,2
216234fec83b707b098d87374c3bc5bf-->3,2,,,,2
21629878539d04bfe1b241eee433bdc3-->4,2,,,,3
21656611c84837a6e3d1013913ed8a58-->5,2,,,,4
2168c3eb20e2c729662a7ad41ee04043-->2,1,,,,2
216d2c7a7d3301cd467dab6569885519-->3,1,,,,3
216d2f540c79d61c2bd79e9aac7c9a7d-->7,3,,,,4
21714f49905ab30ba2e87fabd187db98-->2,1,,,,2
2174d61ac018715fbfe958fc851119d9-->10,2,,,,9
2175bf014bb4d0d0830b8245037018db-->3,1,,,,3
21771dd9f71c02d5416dfda253fbe647-->10,3,,,,5
217c976165cc519607176b97ac6f55d4-->2,1,,,,2
217ef7a19e120f4999a0e35def6b1125-->10,6,,,,7
21821c3ca0a19c1cd25a0578cb73cdee-->2,1,,,,2
21833189df0134d92efc6ac2a115ec10-->5,3,,,,2
2184c9b6a1dba570c18e30fed55ce25c-->1,1,,,,1
219014753c9ff8a5a4b39878fb1872b2-->2,1,,,,2
2193039d24865fa96bd4a69d32652b10-->2,1,,,,2
219b179c23b94ab8d21a06114b964a99-->3,1,,,,3
219e204d5fef8c1d4e45bdd58501243a-->3,2,,,,2
219e5344f1c74923f468c91190bc6f5a-->3,2,,,,2
219f93664aa6c9014f06ef8785125160-->2,1,,,,2
21b29f811f087916da3b15624e441eb1-->2,1,,,,2
21b9a880add86d4c308db442495630bb-->2,1,,,,2
21bc1cadffa2b83b47f4bffbc4f40cfb-->2,1,,,,2
21bd38cb666debf935ab7241daef99c7-->4,2,,,,3
21bd441c638f3700d4ef27111aeb4447-->2,1,,,,2
21cad59ab3f397f59f643afd0795aad0-->1,1,,,,1
21d7492f65091f263add973750972723-->1,1,,,,1
21d9fa3102b6665cfdfd8aee42ba804c-->2,1,,,,2
21da16975908855af3e4f7a425e0fb20-->4,1,,,,4
21de8226f9cdc6e0625a8f5107cda74f-->3,2,,,,2
21dfdc0d0dae2e1f67ab71d5927407a0-->10,2,,,,8
21e585ad8cea0b012d440e4ff8d76f49-->2,1,,,,2
21e5b8d1df27c4220afff7c87b6929db-->2,1,,,,2
21e68f8f8c0a100263a08d471d55cf7e-->2,1,,,,2
21eccc6b9c0704d00085948cc022bf69-->2,1,,,,2
21f09fa203183b450998be63813bd1ee-->3,1,,,,3
21f36953c84593fb0233e313a72cfdc2-->2,1,,,,2
21f5696817ed9ee7bc8b7c45c7591781-->11,4,,,,6
21f9c9843d0bc520bacf490c539d7bbd-->4,1,,,,4
21fe819484a45db079da320272c84564-->7,3,,,,3
21feba701ddccacaf2108c707059fa98-->2,1,,,,2
21ff25c182ec20403c4167ecdae258a0-->3,1,,,,3
21ffb633084b6a86ff5159448bccb208-->3,2,,,,2
22000e539513f01ac0c7752915297295-->4,2,,,,3
22089fc7aa2f9acdc1766c9d368adde2-->2,1,,,,2
2210ba99b7b64ddc692a4b442619eade-->1,1,,,,1
221c7add5c0959e32b02c2285bb1f2d2-->3,1,,,,3
222526fdb3ad6d2ced701ee000079647-->2,1,,,,2
-->,,,,,
222b747853fdb4f8bdbb255f45048cb4-->4,2,,,,3
222c523f4e88a51612d42fb1ff226498-->2,1,,,,2
22397a33747d20d3fb816d4f3de12034-->2,1,,,,2
223a23dda2268830dd46d3fcc9da1583-->3,2,,,,2
223d2461bc83be189f7e1382ff6e1bba-->1,1,,,,1
2252bbd10eeb87c0ce529fb42075f461-->4,2,,,,2
22579ded291ec9496ce2e67973fa20ad-->2,1,,,,2
225b5267a479726b2fdad10f4fcbde37-->6,1,,,,6
225c34f3dfcfd0de22cf032bb207773b-->2,1,,,,2
225e750969644b28c20b278a93f35dda-->2,1,,,,2
225ea64ae48372d22247161f259142d9-->4,1,,,,4
2263280f84bb6bb25f20171279242bdf-->2,1,,,,2
2264505cd07afbd527707ded612a136f-->9,3,,,,7
226544e0c8d62f0bb52d1eb70a8e320a-->5,2,,,,4
226ccf1b8978dccfaa0689f9f8bd1606-->4,1,,,,4
226cf83016a4803c09e27af41a1ffcf1-->2,1,,,,2
227b80e9e49a6f74972c3bb945947f56-->7,4,,,,3
227c46cd5bdc14d1279991c62be58886-->3,1,,,,3
227dcd44966f05dc1e809a592540cc9f-->1,1,,,,1
2281d1d2e9c69284f689176b8778f645-->2,1,,,,2
